#
# There is insufficient memory for the Java Runtime Environment to continue.
# Native memory allocation (malloc) failed to allocate 32744 bytes. Error detail: Chunk::new
# Possible reasons:
#   The system is out of physical RAM or swap space
#   This process is running with CompressedOops enabled, and the Java Heap may be blocking the growth of the native heap
# Possible solutions:
#   Reduce memory load on the system
#   Increase physical memory or swap space
#   Check if swap backing store is full
#   Decrease Java heap size (-Xmx/-Xms)
#   Decrease number of Java threads
#   Decrease Java thread stack sizes (-Xss)
#   Set larger code cache with -XX:ReservedCodeCacheSize=
#   JVM is running with Unscaled Compressed Oops mode in which the Java heap is
#     placed in the first 4GB address space. The Java Heap base address is the
#     maximum limit for the native heap growth. Please use -XX:HeapBaseMinAddress
#     to set the Java Heap base and to place the Java Heap above 4GB virtual address.
# This output file may be truncated or incomplete.
#
#  Out of Memory Error (arena.cpp:168), pid=2232, tid=26276
#
# JRE version: OpenJDK Runtime Environment Temurin-21.0.7+6 (21.0.7+6) (build 21.0.7+6-LTS)
# Java VM: OpenJDK 64-Bit Server VM Temurin-21.0.7+6 (21.0.7+6-LTS, mixed mode, sharing, tiered, compressed oops, compressed class ptrs, parallel gc, windows-amd64)
# No core dump will be written. Minidumps are not enabled by default on client versions of Windows
#

---------------  S U M M A R Y ------------

Command Line: --add-modules=ALL-SYSTEM --add-opens=java.base/java.util=ALL-UNNAMED --add-opens=java.base/java.lang=ALL-UNNAMED --add-opens=java.base/sun.nio.fs=ALL-UNNAMED -Declipse.application=org.eclipse.jdt.ls.core.id1 -Dosgi.bundles.defaultStartLevel=4 -Declipse.product=org.eclipse.jdt.ls.core.product -Djava.import.generatesMetadataFilesAtProjectRoot=false -DDetectVMInstallationsJob.disabled=true -Dfile.encoding=utf8 -XX:+UseParallelGC -XX:GCTimeRatio=4 -XX:AdaptiveSizePolicyWeight=90 -Dsun.zip.disableMemoryMapping=true -Xmx1G -Xms100m -Xlog:disable -javaagent:c:\Users\PC\.vscode\extensions\redhat.java-1.42.0-win32-x64\lombok\lombok-1.18.36.jar -XX:+HeapDumpOnOutOfMemoryError -XX:HeapDumpPath=c:\Users\PC\AppData\Roaming\Code\User\workspaceStorage\a707a5db53e71f9ab3331907ae8207c0\redhat.java -Daether.dependencyCollector.impl=bf c:\Users\PC\.vscode\extensions\redhat.java-1.42.0-win32-x64\server\plugins\org.eclipse.equinox.launcher_1.7.0.v20250424-1814.jar -configuration c:\Users\PC\AppData\Roaming\Code\User\globalStorage\redhat.java\1.42.0\config_win -data c:\Users\PC\AppData\Roaming\Code\User\workspaceStorage\a707a5db53e71f9ab3331907ae8207c0\redhat.java\jdt_ws --pipe=\\.\pipe\lsp-51eef6dd26ba6e87cf6b326b61832b4f-sock

Host: 11th Gen Intel(R) Core(TM) i5-1135G7 @ 2.40GHz, 8 cores, 7G,  Windows 11 , 64 bit Build 22621 (10.0.22621.5262)
Time: Mon Jun  2 17:30:09 2025 SE Asia Standard Time elapsed time: 36.545808 seconds (0d 0h 0m 36s)

---------------  T H R E A D  ---------------

Current thread (0x000001efc4e558b0):  JavaThread "C2 CompilerThread0" daemon [_thread_in_native, id=26276, stack(0x00000014abc00000,0x00000014abd00000) (1024K)]


Current CompileTask:
C2:36545 10266 %     4       org.lombokweb.asm.SymbolTable::<init> @ 98 (536 bytes)

Stack: [0x00000014abc00000,0x00000014abd00000]
Native frames: (J=compiled Java code, j=interpreted, Vv=VM code, C=native code)
V  [jvm.dll+0x6ce119]
V  [jvm.dll+0x8a84a1]
V  [jvm.dll+0x8aa9ce]
V  [jvm.dll+0x8ab0b3]
V  [jvm.dll+0x27f8a6]
V  [jvm.dll+0xc507d]
V  [jvm.dll+0xc55b3]
V  [jvm.dll+0xa6ebc]
V  [jvm.dll+0x65711d]
V  [jvm.dll+0x65760f]
V  [jvm.dll+0x65723e]
V  [jvm.dll+0x65ca8d]
V  [jvm.dll+0x65d9c6]
V  [jvm.dll+0x65bd5e]
V  [jvm.dll+0x247975]
V  [jvm.dll+0x2470cf]
V  [jvm.dll+0x1c760e]
V  [jvm.dll+0x25695a]
V  [jvm.dll+0x254efa]
V  [jvm.dll+0x3f03f6]
V  [jvm.dll+0x851f6b]
V  [jvm.dll+0x6cc7dd]
C  [ucrtbase.dll+0x29333]
C  [KERNEL32.DLL+0x1259d]
C  [ntdll.dll+0x5af58]


---------------  P R O C E S S  ---------------

Threads class SMR info:
_java_thread_list=0x000001f010b0ad20, length=63, elements={
0x000001efb0a94320, 0x000001efc4e47f70, 0x000001efc4e48b10, 0x000001efc4e4b4f0,
0x000001efc4e4c400, 0x000001efc4e4d310, 0x000001efc4e510d0, 0x000001efc4e558b0,
0x000001efc4e56f50, 0x000001f007971570, 0x000001f007b113e0, 0x000001f00c5965c0,
0x000001f00c6334a0, 0x000001f00c802090, 0x000001f00c844c00, 0x000001f00ccfc870,
0x000001f00cceba50, 0x000001f00c1f0830, 0x000001f00c1efb10, 0x000001f00c1eedf0,
0x000001f00c1f0ec0, 0x000001f00c1f1550, 0x000001f00c1f01a0, 0x000001f00c1ee0d0,
0x000001f00c1ee760, 0x000001f00c1ef480, 0x000001f00cb85670, 0x000001f00cb82880,
0x000001f00cb86390, 0x000001f00cb7f400, 0x000001f00cb86a20, 0x000001f00cb83c30,
0x000001f00cb842c0, 0x000001f00cb807b0, 0x000001f00cb835a0, 0x000001f00cb82f10,
0x000001f00cb84950, 0x000001f00cb84fe0, 0x000001f00cb81b60, 0x000001f00cb821f0,
0x000001f010642b30, 0x000001f01063e990, 0x000001f01063c8c0, 0x000001f010641780,
0x000001f010640a60, 0x000001f01063dc70, 0x000001f01063f6b0, 0x000001f01063f020,
0x000001f0106403d0, 0x000001f0106424a0, 0x000001f0106431c0, 0x000001f010643850,
0x000001f01063cf50, 0x000001f0106410f0, 0x000001f00e7de580, 0x000001f00e7dd860,
0x000001f00e7dec10, 0x000001f00e7dcb40, 0x000001f00e7dd1d0, 0x000001f00e7dc4b0,
0x000001f00cb80120, 0x000001f007b30070, 0x000001f00cb814d0
}

Java Threads: ( => current thread )
  0x000001efb0a94320 JavaThread "main"                              [_thread_blocked, id=22324, stack(0x00000014ab200000,0x00000014ab300000) (1024K)]
  0x000001efc4e47f70 JavaThread "Reference Handler"          daemon [_thread_blocked, id=26932, stack(0x00000014ab600000,0x00000014ab700000) (1024K)]
  0x000001efc4e48b10 JavaThread "Finalizer"                  daemon [_thread_blocked, id=27704, stack(0x00000014ab700000,0x00000014ab800000) (1024K)]
  0x000001efc4e4b4f0 JavaThread "Signal Dispatcher"          daemon [_thread_blocked, id=16596, stack(0x00000014ab800000,0x00000014ab900000) (1024K)]
  0x000001efc4e4c400 JavaThread "Attach Listener"            daemon [_thread_blocked, id=25552, stack(0x00000014ab900000,0x00000014aba00000) (1024K)]
  0x000001efc4e4d310 JavaThread "Service Thread"             daemon [_thread_blocked, id=28524, stack(0x00000014aba00000,0x00000014abb00000) (1024K)]
  0x000001efc4e510d0 JavaThread "Monitor Deflation Thread"   daemon [_thread_blocked, id=22704, stack(0x00000014abb00000,0x00000014abc00000) (1024K)]
=>0x000001efc4e558b0 JavaThread "C2 CompilerThread0"         daemon [_thread_in_native, id=26276, stack(0x00000014abc00000,0x00000014abd00000) (1024K)]
  0x000001efc4e56f50 JavaThread "C1 CompilerThread0"         daemon [_thread_blocked, id=2780, stack(0x00000014abd00000,0x00000014abe00000) (1024K)]
  0x000001f007971570 JavaThread "Common-Cleaner"             daemon [_thread_blocked, id=25464, stack(0x00000014abe00000,0x00000014abf00000) (1024K)]
  0x000001f007b113e0 JavaThread "Notification Thread"        daemon [_thread_blocked, id=27236, stack(0x00000014abf00000,0x00000014ac000000) (1024K)]
  0x000001f00c5965c0 JavaThread "Active Thread: Equinox Container: dc58e2c2-f987-4d69-9a4f-d386c9293d7f"        [_thread_blocked, id=24460, stack(0x00000014ac800000,0x00000014ac900000) (1024K)]
  0x000001f00c6334a0 JavaThread "Refresh Thread: Equinox Container: dc58e2c2-f987-4d69-9a4f-d386c9293d7f" daemon [_thread_blocked, id=24036, stack(0x00000014ac700000,0x00000014ac800000) (1024K)]
  0x000001f00c802090 JavaThread "Framework Event Dispatcher: Equinox Container: dc58e2c2-f987-4d69-9a4f-d386c9293d7f" daemon [_thread_blocked, id=13380, stack(0x00000014aca00000,0x00000014acb00000) (1024K)]
  0x000001f00c844c00 JavaThread "Start Level: Equinox Container: dc58e2c2-f987-4d69-9a4f-d386c9293d7f" daemon [_thread_blocked, id=11996, stack(0x00000014acb00000,0x00000014acc00000) (1024K)]
  0x000001f00ccfc870 JavaThread "Bundle File Closer"         daemon [_thread_blocked, id=21864, stack(0x00000014acd00000,0x00000014ace00000) (1024K)]
  0x000001f00cceba50 JavaThread "SCR Component Actor"        daemon [_thread_blocked, id=28340, stack(0x00000014ace00000,0x00000014acf00000) (1024K)]
  0x000001f00c1f0830 JavaThread "Worker-JM"                         [_thread_blocked, id=6272, stack(0x00000014ac000000,0x00000014ac100000) (1024K)]
  0x000001f00c1efb10 JavaThread "JNA Cleaner"                daemon [_thread_blocked, id=26152, stack(0x00000014acc00000,0x00000014acd00000) (1024K)]
  0x000001f00c1eedf0 JavaThread "Worker-0"                          [_thread_blocked, id=12528, stack(0x00000014ad000000,0x00000014ad100000) (1024K)]
  0x000001f00c1f0ec0 JavaThread "Worker-1"                          [_thread_blocked, id=5224, stack(0x00000014ad100000,0x00000014ad200000) (1024K)]
  0x000001f00c1f1550 JavaThread "Worker-2"                          [_thread_blocked, id=24840, stack(0x00000014ad300000,0x00000014ad400000) (1024K)]
  0x000001f00c1f01a0 JavaThread "Worker-3"                          [_thread_blocked, id=26920, stack(0x00000014ad400000,0x00000014ad500000) (1024K)]
  0x000001f00c1ee0d0 JavaThread "Java indexing"              daemon [_thread_blocked, id=24868, stack(0x00000014ad500000,0x00000014ad600000) (1024K)]
  0x000001f00c1ee760 JavaThread "Worker-4"                          [_thread_blocked, id=20300, stack(0x00000014ad600000,0x00000014ad700000) (1024K)]
  0x000001f00c1ef480 JavaThread "Worker-5"                          [_thread_blocked, id=27252, stack(0x00000014ad700000,0x00000014ad800000) (1024K)]
  0x000001f00cb85670 JavaThread "Thread-2"                   daemon [_thread_in_native, id=26536, stack(0x00000014ad800000,0x00000014ad900000) (1024K)]
  0x000001f00cb82880 JavaThread "Thread-3"                   daemon [_thread_in_native, id=16112, stack(0x00000014ad900000,0x00000014ada00000) (1024K)]
  0x000001f00cb86390 JavaThread "Thread-4"                   daemon [_thread_in_native, id=25548, stack(0x00000014ada00000,0x00000014adb00000) (1024K)]
  0x000001f00cb7f400 JavaThread "Thread-5"                   daemon [_thread_in_native, id=20512, stack(0x00000014adb00000,0x00000014adc00000) (1024K)]
  0x000001f00cb86a20 JavaThread "Thread-6"                   daemon [_thread_in_native, id=22768, stack(0x00000014adc00000,0x00000014add00000) (1024K)]
  0x000001f00cb83c30 JavaThread "Thread-7"                   daemon [_thread_in_native, id=19256, stack(0x00000014add00000,0x00000014ade00000) (1024K)]
  0x000001f00cb842c0 JavaThread "Thread-8"                   daemon [_thread_in_native, id=22820, stack(0x00000014ade00000,0x00000014adf00000) (1024K)]
  0x000001f00cb807b0 JavaThread "Thread-9"                   daemon [_thread_in_native, id=2404, stack(0x00000014adf00000,0x00000014ae000000) (1024K)]
  0x000001f00cb835a0 JavaThread "Thread-10"                  daemon [_thread_in_native, id=5556, stack(0x00000014ae000000,0x00000014ae100000) (1024K)]
  0x000001f00cb82f10 JavaThread "pool-2-thread-1"                   [_thread_blocked, id=18444, stack(0x00000014ae100000,0x00000014ae200000) (1024K)]
  0x000001f00cb84950 JavaThread "WorkspaceEventsHandler"            [_thread_blocked, id=12016, stack(0x00000014ae200000,0x00000014ae300000) (1024K)]
  0x000001f00cb84fe0 JavaThread "pool-1-thread-1"                   [_thread_blocked, id=27388, stack(0x00000014ae300000,0x00000014ae400000) (1024K)]
  0x000001f00cb81b60 JavaThread "LocalFile Deleter"          daemon [_thread_blocked, id=23908, stack(0x00000014acf00000,0x00000014ad000000) (1024K)]
  0x000001f00cb821f0 JavaThread "LocalFile Deleter"          daemon [_thread_blocked, id=17256, stack(0x00000014ae400000,0x00000014ae500000) (1024K)]
  0x000001f010642b30 JavaThread "LocalFile Deleter"          daemon [_thread_blocked, id=26064, stack(0x00000014ae500000,0x00000014ae600000) (1024K)]
  0x000001f01063e990 JavaThread "LocalFile Deleter"          daemon [_thread_blocked, id=23032, stack(0x00000014ae600000,0x00000014ae700000) (1024K)]
  0x000001f01063c8c0 JavaThread "LocalFile Deleter"          daemon [_thread_blocked, id=6192, stack(0x00000014ae700000,0x00000014ae800000) (1024K)]
  0x000001f010641780 JavaThread "Compiler Source File Reader" daemon [_thread_blocked, id=23656, stack(0x00000014ae800000,0x00000014ae900000) (1024K)]
  0x000001f010640a60 JavaThread "Compiler Source File Reader" daemon [_thread_blocked, id=28404, stack(0x00000014ae900000,0x00000014aea00000) (1024K)]
  0x000001f01063dc70 JavaThread "Compiler Source File Reader" daemon [_thread_blocked, id=24776, stack(0x00000014aea00000,0x00000014aeb00000) (1024K)]
  0x000001f01063f6b0 JavaThread "Compiler Source File Reader" daemon [_thread_blocked, id=3292, stack(0x00000014aeb00000,0x00000014aec00000) (1024K)]
  0x000001f01063f020 JavaThread "Compiler Source File Reader" daemon [_thread_blocked, id=6400, stack(0x00000014aec00000,0x00000014aed00000) (1024K)]
  0x000001f0106403d0 JavaThread "Compiler Source File Reader" daemon [_thread_blocked, id=12484, stack(0x00000014aed00000,0x00000014aee00000) (1024K)]
  0x000001f0106424a0 JavaThread "Compiler Processing Task"   daemon [_thread_blocked, id=10268, stack(0x00000014aee00000,0x00000014aef00000) (1024K)]
  0x000001f0106431c0 JavaThread "Compiler Class File Writer" daemon [_thread_blocked, id=17816, stack(0x00000014aef00000,0x00000014af000000) (1024K)]
  0x000001f010643850 JavaThread "Compiler Class File Writer" daemon [_thread_blocked, id=28640, stack(0x00000014af000000,0x00000014af100000) (1024K)]
  0x000001f01063cf50 JavaThread "Compiler Class File Writer" daemon [_thread_blocked, id=23608, stack(0x00000014af100000,0x00000014af200000) (1024K)]
  0x000001f0106410f0 JavaThread "Compiler Class File Writer" daemon [_thread_blocked, id=4352, stack(0x00000014af200000,0x00000014af300000) (1024K)]
  0x000001f00e7de580 JavaThread "Compiler Class File Writer" daemon [_thread_blocked, id=28520, stack(0x00000014af300000,0x00000014af400000) (1024K)]
  0x000001f00e7dd860 JavaThread "Compiler Class File Writer" daemon [_thread_blocked, id=20380, stack(0x00000014af400000,0x00000014af500000) (1024K)]
  0x000001f00e7dec10 JavaThread "ForkJoinPool.commonPool-worker-1" daemon [_thread_in_Java, id=24240, stack(0x00000014af500000,0x00000014af600000) (1024K)]
  0x000001f00e7dcb40 JavaThread "ForkJoinPool.commonPool-worker-2" daemon [_thread_blocked, id=20076, stack(0x00000014af600000,0x00000014af700000) (1024K)]
  0x000001f00e7dd1d0 JavaThread "ForkJoinPool.commonPool-worker-3" daemon [_thread_blocked, id=20320, stack(0x00000014af700000,0x00000014af800000) (1024K)]
  0x000001f00e7dc4b0 JavaThread "ForkJoinPool.commonPool-worker-4" daemon [_thread_blocked, id=24708, stack(0x00000014ad200000,0x00000014ad300000) (1024K)]
  0x000001f00cb80120 JavaThread "ForkJoinPool.commonPool-worker-5" daemon [_thread_blocked, id=24476, stack(0x00000014af800000,0x00000014af900000) (1024K)]
  0x000001f007b30070 JavaThread "C2 CompilerThread1"         daemon [_thread_in_native, id=26256, stack(0x00000014af900000,0x00000014afa00000) (1024K)]
  0x000001f00cb814d0 JavaThread "Cleaner-0"                  daemon [_thread_blocked, id=26384, stack(0x00000014afa00000,0x00000014afb00000) (1024K)]
Total: 63

Other Threads:
  0x000001efb0b344e0 VMThread "VM Thread"                           [id=26532, stack(0x00000014ab500000,0x00000014ab600000) (1024K)]
  0x000001efb0afebb0 WatcherThread "VM Periodic Task Thread"        [id=23072, stack(0x00000014ab400000,0x00000014ab500000) (1024K)]
  0x000001efb0ab2630 WorkerThread "GC Thread#0"                     [id=22772, stack(0x00000014ab300000,0x00000014ab400000) (1024K)]
  0x000001f00c4b0060 WorkerThread "GC Thread#1"                     [id=26400, stack(0x00000014ac100000,0x00000014ac200000) (1024K)]
  0x000001f00c4afcc0 WorkerThread "GC Thread#2"                     [id=28284, stack(0x00000014ac200000,0x00000014ac300000) (1024K)]
  0x000001f00c4b07a0 WorkerThread "GC Thread#3"                     [id=27048, stack(0x00000014ac300000,0x00000014ac400000) (1024K)]
  0x000001f00c4af1e0 WorkerThread "GC Thread#4"                     [id=16360, stack(0x00000014ac400000,0x00000014ac500000) (1024K)]
  0x000001f00c4b0400 WorkerThread "GC Thread#5"                     [id=28120, stack(0x00000014ac500000,0x00000014ac600000) (1024K)]
  0x000001f00c4b0b40 WorkerThread "GC Thread#6"                     [id=5076, stack(0x00000014ac600000,0x00000014ac700000) (1024K)]
  0x000001f00c4af920 WorkerThread "GC Thread#7"                     [id=17120, stack(0x00000014ac900000,0x00000014aca00000) (1024K)]
Total: 10

Threads with active compile tasks:
C2 CompilerThread0  36602 10266 %     4       org.lombokweb.asm.SymbolTable::<init> @ 98 (536 bytes)
C1 CompilerThread0  36602 10288   !   3       org.eclipse.jdt.internal.core.NameLookup::seekModule (267 bytes)
C2 CompilerThread1  36602 10204 %     4       java.util.Properties::load0 @ 29 (249 bytes)
Total: 3

VM state: not at safepoint (normal execution)

VM Mutex/Monitor currently owned by a thread: None

Heap address: 0x00000000c0000000, size: 1024 MB, Compressed Oops mode: 32-bit

CDS archive(s) mapped at: [0x000001efc5000000-0x000001efc5ba0000-0x000001efc5ba0000), size 12189696, SharedBaseAddress: 0x000001efc5000000, ArchiveRelocationMode: 1.
Compressed class space mapped at: 0x000001efc6000000-0x000001f006000000, reserved size: 1073741824
Narrow klass base: 0x000001efc5000000, Narrow klass shift: 0, Narrow klass range: 0x100000000

GC Precious Log:
 CardTable entry size: 512
 CPUs: 8 total, 8 available
 Memory: 7859M
 Large Page Support: Disabled
 NUMA Support: Disabled
 Compressed Oops: Enabled (32-bit)
 Alignments: Space 512K, Generation 512K, Heap 2M
 Heap Min Capacity: 100M
 Heap Initial Capacity: 100M
 Heap Max Capacity: 1G
 Pre-touch: Disabled
 Parallel Workers: 8

Heap:
 PSYoungGen      total 22016K, used 15826K [0x00000000eab00000, 0x00000000ed380000, 0x0000000100000000)
  eden space 19968K, 70% used [0x00000000eab00000,0x00000000eb8c4b98,0x00000000ebe80000)
  from space 2048K, 84% used [0x00000000ed180000,0x00000000ed330038,0x00000000ed380000)
  to   space 7168K, 0% used [0x00000000ec580000,0x00000000ec580000,0x00000000ecc80000)
 ParOldGen       total 344576K, used 304405K [0x00000000c0000000, 0x00000000d5080000, 0x00000000eab00000)
  object space 344576K, 88% used [0x00000000c0000000,0x00000000d29457d8,0x00000000d5080000)
 Metaspace       used 63953K, committed 65344K, reserved 1114112K
  class space    used 6569K, committed 7168K, reserved 1048576K

Card table byte_map: [0x000001efb0430000,0x000001efb0640000] _byte_map_base: 0x000001efafe30000

Marking Bits: (ParMarkBitMap*) 0x00007ffb4dab31f0
 Begin Bits: [0x000001efc2c80000, 0x000001efc3c80000)
 End Bits:   [0x000001efc3c80000, 0x000001efc4c80000)

Polling page: 0x000001efaea50000

Metaspace:

Usage:
  Non-class:     56.04 MB used.
      Class:      6.42 MB used.
       Both:     62.45 MB used.

Virtual space:
  Non-class space:       64.00 MB reserved,      56.81 MB ( 89%) committed,  1 nodes.
      Class space:        1.00 GB reserved,       7.00 MB ( <1%) committed,  1 nodes.
             Both:        1.06 GB reserved,      63.81 MB (  6%) committed. 

Chunk freelists:
   Non-Class:  7.08 MB
       Class:  9.05 MB
        Both:  16.12 MB

MaxMetaspaceSize: unlimited
CompressedClassSpaceSize: 1.00 GB
Initial GC threshold: 21.00 MB
Current GC threshold: 102.75 MB
CDS: on
 - commit_granule_bytes: 65536.
 - commit_granule_words: 8192.
 - virtual_space_node_default_size: 8388608.
 - enlarge_chunks_in_place: 1.
 - use_allocation_guard: 0.


Internal statistics:

num_allocs_failed_limit: 9.
num_arena_births: 1086.
num_arena_deaths: 16.
num_vsnodes_births: 2.
num_vsnodes_deaths: 0.
num_space_committed: 1021.
num_space_uncommitted: 0.
num_chunks_returned_to_freelist: 26.
num_chunks_taken_from_freelist: 3991.
num_chunk_merges: 12.
num_chunk_splits: 2525.
num_chunks_enlarged: 1514.
num_inconsistent_stats: 0.

CodeHeap 'non-profiled nmethods': size=120000Kb used=5386Kb max_used=5819Kb free=114614Kb
 bounds [0x000001efbb750000, 0x000001efbbd00000, 0x000001efc2c80000]
CodeHeap 'profiled nmethods': size=120000Kb used=16825Kb max_used=20850Kb free=103174Kb
 bounds [0x000001efb3c80000, 0x000001efb50e0000, 0x000001efbb1b0000]
CodeHeap 'non-nmethods': size=5760Kb used=1459Kb max_used=1506Kb free=4300Kb
 bounds [0x000001efbb1b0000, 0x000001efbb420000, 0x000001efbb750000]
 total_blobs=8992 nmethods=8225 adapters=671
 compilation: enabled
              stopped_count=0, restarted_count=0
 full_count=0

Compilation events (20 events):
Event: 36.233 Thread 0x000001efc4e56f50 10275 %     3       org.lombokweb.asm.ClassReader::readCode @ 2187 (5117 bytes)
Event: 36.265 Thread 0x000001efc4e56f50 nmethod 10275% 0x000001efb487ed10 code [0x000001efb48802e0, 0x000001efb48919b8]
Event: 36.265 Thread 0x000001efc4e56f50 10279       3       java.util.regex.Pattern$Prolog::match (11 bytes)
Event: 36.265 Thread 0x000001efc4e56f50 nmethod 10279 0x000001efb4497990 code [0x000001efb4497b40, 0x000001efb4497d18]
Event: 36.266 Thread 0x000001efc4e56f50 10280       3       org.lombokweb.asm.Handler::putExceptionTable (63 bytes)
Event: 36.266 Thread 0x000001efc4e56f50 nmethod 10280 0x000001efb438c790 code [0x000001efb438c9a0, 0x000001efb438cde0]
Event: 36.266 Thread 0x000001efc4e56f50 10276       3       org.lombokweb.asm.MethodWriter::visitEnd (1 bytes)
Event: 36.267 Thread 0x000001efc4e56f50 nmethod 10276 0x000001efb3e75890 code [0x000001efb3e75a20, 0x000001efb3e75b28]
Event: 36.267 Thread 0x000001efc4e56f50 10277       3       org.lombokweb.asm.MethodWriter::visitCode (1 bytes)
Event: 36.267 Thread 0x000001efc4e56f50 nmethod 10277 0x000001efb3f11790 code [0x000001efb3f11920, 0x000001efb3f11a28]
Event: 36.267 Thread 0x000001efc4e56f50 10278       3       org.lombokweb.asm.MethodWriter::visitMaxs (60 bytes)
Event: 36.267 Thread 0x000001efc4e56f50 nmethod 10278 0x000001efb4075110 code [0x000001efb40752e0, 0x000001efb4075598]
Event: 36.267 Thread 0x000001efc4e56f50 10281       1       org.eclipse.jdt.core.dom.SimpleName::getIdentifier (5 bytes)
Event: 36.267 Thread 0x000001efc4e56f50 nmethod 10281 0x000001efbb84fc10 code [0x000001efbb84fda0, 0x000001efbb84fe68]
Event: 36.345 Thread 0x000001efc4e558b0 nmethod 10239 0x000001efbbc2e310 code [0x000001efbbc2e700, 0x000001efbbc306e8]
Event: 36.346 Thread 0x000001efc4e558b0 10274       4       java.util.regex.Matcher::search (154 bytes)
Event: 36.349 Thread 0x000001efc4e558b0 nmethod 10274 0x000001efbb84f710 code [0x000001efbb84f8c0, 0x000001efbb84fab0]
Event: 36.349 Thread 0x000001efc4e558b0 10265       4       org.lombokweb.asm.ClassReader::<init> (359 bytes)
Event: 36.367 Thread 0x000001efc4e558b0 nmethod 10265 0x000001efbbc2ce90 code [0x000001efbbc2d0e0, 0x000001efbbc2dbf8]
Event: 36.368 Thread 0x000001efc4e558b0 10266 %     4       org.lombokweb.asm.SymbolTable::<init> @ 98 (536 bytes)

GC Heap History (20 events):
Event: 33.835 GC heap before
{Heap before GC invocations=200 (full 4):
 PSYoungGen      total 16384K, used 16372K [0x00000000eab00000, 0x00000000ec880000, 0x0000000100000000)
  eden space 12288K, 100% used [0x00000000eab00000,0x00000000eb700000,0x00000000eb700000)
  from space 4096K, 99% used [0x00000000eb700000,0x00000000ebafd388,0x00000000ebb00000)
  to   space 8704K, 0% used [0x00000000ec000000,0x00000000ec000000,0x00000000ec880000)
 ParOldGen       total 292352K, used 291860K [0x00000000c0000000, 0x00000000d1d80000, 0x00000000eab00000)
  object space 292352K, 99% used [0x00000000c0000000,0x00000000d1d051a8,0x00000000d1d80000)
 Metaspace       used 61822K, committed 63168K, reserved 1114112K
  class space    used 6350K, committed 6912K, reserved 1048576K
}
Event: 33.839 GC heap after
{Heap after GC invocations=200 (full 4):
 PSYoungGen      total 18944K, used 4884K [0x00000000eab00000, 0x00000000ec500000, 0x0000000100000000)
  eden space 13824K, 0% used [0x00000000eab00000,0x00000000eab00000,0x00000000eb880000)
  from space 5120K, 95% used [0x00000000ec000000,0x00000000ec4c51e0,0x00000000ec500000)
  to   space 6144K, 0% used [0x00000000eb900000,0x00000000eb900000,0x00000000ebf00000)
 ParOldGen       total 295936K, used 295712K [0x00000000c0000000, 0x00000000d2100000, 0x00000000eab00000)
  object space 295936K, 99% used [0x00000000c0000000,0x00000000d20c81a8,0x00000000d2100000)
 Metaspace       used 61822K, committed 63168K, reserved 1114112K
  class space    used 6350K, committed 6912K, reserved 1048576K
}
Event: 33.858 GC heap before
{Heap before GC invocations=201 (full 4):
 PSYoungGen      total 18944K, used 18708K [0x00000000eab00000, 0x00000000ec500000, 0x0000000100000000)
  eden space 13824K, 100% used [0x00000000eab00000,0x00000000eb880000,0x00000000eb880000)
  from space 5120K, 95% used [0x00000000ec000000,0x00000000ec4c51e0,0x00000000ec500000)
  to   space 6144K, 0% used [0x00000000eb900000,0x00000000eb900000,0x00000000ebf00000)
 ParOldGen       total 295936K, used 295712K [0x00000000c0000000, 0x00000000d2100000, 0x00000000eab00000)
  object space 295936K, 99% used [0x00000000c0000000,0x00000000d20c81a8,0x00000000d2100000)
 Metaspace       used 61822K, committed 63168K, reserved 1114112K
  class space    used 6350K, committed 6912K, reserved 1048576K
}
Event: 33.862 GC heap after
{Heap after GC invocations=201 (full 4):
 PSYoungGen      total 20480K, used 5609K [0x00000000eab00000, 0x00000000ec680000, 0x0000000100000000)
  eden space 14336K, 0% used [0x00000000eab00000,0x00000000eab00000,0x00000000eb900000)
  from space 6144K, 91% used [0x00000000eb900000,0x00000000ebe7a730,0x00000000ebf00000)
  to   space 6144K, 0% used [0x00000000ec080000,0x00000000ec080000,0x00000000ec680000)
 ParOldGen       total 300544K, used 300478K [0x00000000c0000000, 0x00000000d2580000, 0x00000000eab00000)
  object space 300544K, 99% used [0x00000000c0000000,0x00000000d256f818,0x00000000d2580000)
 Metaspace       used 61822K, committed 63168K, reserved 1114112K
  class space    used 6350K, committed 6912K, reserved 1048576K
}
Event: 34.016 GC heap before
{Heap before GC invocations=202 (full 4):
 PSYoungGen      total 20480K, used 19945K [0x00000000eab00000, 0x00000000ec680000, 0x0000000100000000)
  eden space 14336K, 100% used [0x00000000eab00000,0x00000000eb900000,0x00000000eb900000)
  from space 6144K, 91% used [0x00000000eb900000,0x00000000ebe7a730,0x00000000ebf00000)
  to   space 6144K, 0% used [0x00000000ec080000,0x00000000ec080000,0x00000000ec680000)
 ParOldGen       total 300544K, used 300478K [0x00000000c0000000, 0x00000000d2580000, 0x00000000eab00000)
  object space 300544K, 99% used [0x00000000c0000000,0x00000000d256f818,0x00000000d2580000)
 Metaspace       used 61832K, committed 63232K, reserved 1114112K
  class space    used 6350K, committed 6912K, reserved 1048576K
}
Event: 34.021 GC heap after
{Heap after GC invocations=202 (full 4):
 PSYoungGen      total 21504K, used 4636K [0x00000000eab00000, 0x00000000ec580000, 0x0000000100000000)
  eden space 16384K, 0% used [0x00000000eab00000,0x00000000eab00000,0x00000000ebb00000)
  from space 5120K, 90% used [0x00000000ec080000,0x00000000ec507198,0x00000000ec580000)
  to   space 5120K, 0% used [0x00000000ebb80000,0x00000000ebb80000,0x00000000ec080000)
 ParOldGen       total 306176K, used 305944K [0x00000000c0000000, 0x00000000d2b00000, 0x00000000eab00000)
  object space 306176K, 99% used [0x00000000c0000000,0x00000000d2ac6120,0x00000000d2b00000)
 Metaspace       used 61832K, committed 63232K, reserved 1114112K
  class space    used 6350K, committed 6912K, reserved 1048576K
}
Event: 34.238 GC heap before
{Heap before GC invocations=203 (full 4):
 PSYoungGen      total 21504K, used 20892K [0x00000000eab00000, 0x00000000ec580000, 0x0000000100000000)
  eden space 16384K, 99% used [0x00000000eab00000,0x00000000ebae01a0,0x00000000ebb00000)
  from space 5120K, 90% used [0x00000000ec080000,0x00000000ec507198,0x00000000ec580000)
  to   space 5120K, 0% used [0x00000000ebb80000,0x00000000ebb80000,0x00000000ec080000)
 ParOldGen       total 306176K, used 305944K [0x00000000c0000000, 0x00000000d2b00000, 0x00000000eab00000)
  object space 306176K, 99% used [0x00000000c0000000,0x00000000d2ac6120,0x00000000d2b00000)
 Metaspace       used 61833K, committed 63232K, reserved 1114112K
  class space    used 6350K, committed 6912K, reserved 1048576K
}
Event: 34.248 GC heap after
{Heap after GC invocations=203 (full 4):
 PSYoungGen      total 22016K, used 5089K [0x00000000eab00000, 0x00000000edf00000, 0x0000000100000000)
  eden space 16896K, 0% used [0x00000000eab00000,0x00000000eab00000,0x00000000ebb80000)
  from space 5120K, 99% used [0x00000000ebb80000,0x00000000ec078740,0x00000000ec080000)
  to   space 17408K, 0% used [0x00000000ece00000,0x00000000ece00000,0x00000000edf00000)
 ParOldGen       total 316416K, used 316356K [0x00000000c0000000, 0x00000000d3500000, 0x00000000eab00000)
  object space 316416K, 99% used [0x00000000c0000000,0x00000000d34f1140,0x00000000d3500000)
 Metaspace       used 61833K, committed 63232K, reserved 1114112K
  class space    used 6350K, committed 6912K, reserved 1048576K
}
Event: 34.441 GC heap before
{Heap before GC invocations=204 (full 4):
 PSYoungGen      total 22016K, used 21985K [0x00000000eab00000, 0x00000000edf00000, 0x0000000100000000)
  eden space 16896K, 100% used [0x00000000eab00000,0x00000000ebb80000,0x00000000ebb80000)
  from space 5120K, 99% used [0x00000000ebb80000,0x00000000ec078740,0x00000000ec080000)
  to   space 17408K, 0% used [0x00000000ece00000,0x00000000ece00000,0x00000000edf00000)
 ParOldGen       total 316416K, used 316356K [0x00000000c0000000, 0x00000000d3500000, 0x00000000eab00000)
  object space 316416K, 99% used [0x00000000c0000000,0x00000000d34f1140,0x00000000d3500000)
 Metaspace       used 61833K, committed 63232K, reserved 1114112K
  class space    used 6350K, committed 6912K, reserved 1048576K
}
Event: 34.453 GC heap after
{Heap after GC invocations=204 (full 4):
 PSYoungGen      total 35328K, used 16841K [0x00000000eab00000, 0x00000000ee080000, 0x0000000100000000)
  eden space 17920K, 0% used [0x00000000eab00000,0x00000000eab00000,0x00000000ebc80000)
  from space 17408K, 96% used [0x00000000ece00000,0x00000000ede726c8,0x00000000edf00000)
  to   space 17920K, 0% used [0x00000000ebc80000,0x00000000ebc80000,0x00000000ece00000)
 ParOldGen       total 318976K, used 318493K [0x00000000c0000000, 0x00000000d3780000, 0x00000000eab00000)
  object space 318976K, 99% used [0x00000000c0000000,0x00000000d37075f0,0x00000000d3780000)
 Metaspace       used 61833K, committed 63232K, reserved 1114112K
  class space    used 6350K, committed 6912K, reserved 1048576K
}
Event: 34.678 GC heap before
{Heap before GC invocations=205 (full 4):
 PSYoungGen      total 35328K, used 34761K [0x00000000eab00000, 0x00000000ee080000, 0x0000000100000000)
  eden space 17920K, 100% used [0x00000000eab00000,0x00000000ebc80000,0x00000000ebc80000)
  from space 17408K, 96% used [0x00000000ece00000,0x00000000ede726c8,0x00000000edf00000)
  to   space 17920K, 0% used [0x00000000ebc80000,0x00000000ebc80000,0x00000000ece00000)
 ParOldGen       total 318976K, used 318493K [0x00000000c0000000, 0x00000000d3780000, 0x00000000eab00000)
  object space 318976K, 99% used [0x00000000c0000000,0x00000000d37075f0,0x00000000d3780000)
 Metaspace       used 61833K, committed 63232K, reserved 1114112K
  class space    used 6350K, committed 6912K, reserved 1048576K
}
Event: 34.727 GC heap after
{Heap after GC invocations=205 (full 4):
 PSYoungGen      total 35840K, used 17918K [0x00000000eab00000, 0x00000000efe80000, 0x0000000100000000)
  eden space 17920K, 0% used [0x00000000eab00000,0x00000000eab00000,0x00000000ebc80000)
  from space 17920K, 99% used [0x00000000ebc80000,0x00000000ecdffbe8,0x00000000ece00000)
  to   space 32768K, 0% used [0x00000000ede80000,0x00000000ede80000,0x00000000efe80000)
 ParOldGen       total 330752K, used 330734K [0x00000000c0000000, 0x00000000d4300000, 0x00000000eab00000)
  object space 330752K, 99% used [0x00000000c0000000,0x00000000d42fb9c8,0x00000000d4300000)
 Metaspace       used 61833K, committed 63232K, reserved 1114112K
  class space    used 6350K, committed 6912K, reserved 1048576K
}
Event: 35.296 GC heap before
{Heap before GC invocations=206 (full 4):
 PSYoungGen      total 35840K, used 35838K [0x00000000eab00000, 0x00000000efe80000, 0x0000000100000000)
  eden space 17920K, 100% used [0x00000000eab00000,0x00000000ebc80000,0x00000000ebc80000)
  from space 17920K, 99% used [0x00000000ebc80000,0x00000000ecdffbe8,0x00000000ece00000)
  to   space 32768K, 0% used [0x00000000ede80000,0x00000000ede80000,0x00000000efe80000)
 ParOldGen       total 330752K, used 330734K [0x00000000c0000000, 0x00000000d4300000, 0x00000000eab00000)
  object space 330752K, 99% used [0x00000000c0000000,0x00000000d42fb9c8,0x00000000d4300000)
 Metaspace       used 61857K, committed 63232K, reserved 1114112K
  class space    used 6350K, committed 6912K, reserved 1048576K
}
Event: 35.391 GC heap after
{Heap after GC invocations=206 (full 4):
 PSYoungGen      total 35840K, used 35838K [0x00000000eab00000, 0x00000000efe80000, 0x0000000100000000)
  eden space 17920K, 100% used [0x00000000eab00000,0x00000000ebc80000,0x00000000ebc80000)
  from space 17920K, 99% used [0x00000000ebc80000,0x00000000ecdffbe8,0x00000000ece00000)
  to   space 32768K, 42% used [0x00000000ede80000,0x00000000eec214d0,0x00000000efe80000)
 ParOldGen       total 344576K, used 344478K [0x00000000c0000000, 0x00000000d5080000, 0x00000000eab00000)
  object space 344576K, 99% used [0x00000000c0000000,0x00000000d50679a0,0x00000000d5080000)
 Metaspace       used 61857K, committed 63232K, reserved 1114112K
  class space    used 6350K, committed 6912K, reserved 1048576K
}
Event: 35.391 GC heap before
{Heap before GC invocations=207 (full 5):
 PSYoungGen      total 35840K, used 35838K [0x00000000eab00000, 0x00000000efe80000, 0x0000000100000000)
  eden space 17920K, 100% used [0x00000000eab00000,0x00000000ebc80000,0x00000000ebc80000)
  from space 17920K, 99% used [0x00000000ebc80000,0x00000000ecdffbe8,0x00000000ece00000)
  to   space 32768K, 42% used [0x00000000ede80000,0x00000000eec214d0,0x00000000efe80000)
 ParOldGen       total 344576K, used 344478K [0x00000000c0000000, 0x00000000d5080000, 0x00000000eab00000)
  object space 344576K, 99% used [0x00000000c0000000,0x00000000d50679a0,0x00000000d5080000)
 Metaspace       used 61857K, committed 63232K, reserved 1114112K
  class space    used 6350K, committed 6912K, reserved 1048576K
}
Event: 35.640 GC heap after
{Heap after GC invocations=207 (full 5):
 PSYoungGen      total 52736K, used 0K [0x00000000eab00000, 0x00000000eff00000, 0x0000000100000000)
  eden space 19968K, 0% used [0x00000000eab00000,0x00000000eab00000,0x00000000ebe80000)
  from space 32768K, 0% used [0x00000000ede80000,0x00000000ede80000,0x00000000efe80000)
  to   space 32768K, 0% used [0x00000000ebe80000,0x00000000ebe80000,0x00000000ede80000)
 ParOldGen       total 344576K, used 299997K [0x00000000c0000000, 0x00000000d5080000, 0x00000000eab00000)
  object space 344576K, 87% used [0x00000000c0000000,0x00000000d24f77d8,0x00000000d5080000)
 Metaspace       used 61857K, committed 63232K, reserved 1114112K
  class space    used 6350K, committed 6912K, reserved 1048576K
}
Event: 35.782 GC heap before
{Heap before GC invocations=208 (full 5):
 PSYoungGen      total 52736K, used 19968K [0x00000000eab00000, 0x00000000eff00000, 0x0000000100000000)
  eden space 19968K, 100% used [0x00000000eab00000,0x00000000ebe80000,0x00000000ebe80000)
  from space 32768K, 0% used [0x00000000ede80000,0x00000000ede80000,0x00000000efe80000)
  to   space 32768K, 0% used [0x00000000ebe80000,0x00000000ebe80000,0x00000000ede80000)
 ParOldGen       total 344576K, used 299997K [0x00000000c0000000, 0x00000000d5080000, 0x00000000eab00000)
  object space 344576K, 87% used [0x00000000c0000000,0x00000000d24f77d8,0x00000000d5080000)
 Metaspace       used 61913K, committed 63232K, reserved 1114112K
  class space    used 6353K, committed 6912K, reserved 1048576K
}
Event: 35.794 GC heap after
{Heap after GC invocations=208 (full 5):
 PSYoungGen      total 33280K, used 12903K [0x00000000eab00000, 0x00000000ee480000, 0x0000000100000000)
  eden space 19968K, 0% used [0x00000000eab00000,0x00000000eab00000,0x00000000ebe80000)
  from space 13312K, 96% used [0x00000000ebe80000,0x00000000ecb19f98,0x00000000ecb80000)
  to   space 19456K, 0% used [0x00000000ed180000,0x00000000ed180000,0x00000000ee480000)
 ParOldGen       total 344576K, used 300005K [0x00000000c0000000, 0x00000000d5080000, 0x00000000eab00000)
  object space 344576K, 87% used [0x00000000c0000000,0x00000000d24f97d8,0x00000000d5080000)
 Metaspace       used 61913K, committed 63232K, reserved 1114112K
  class space    used 6353K, committed 6912K, reserved 1048576K
}
Event: 36.121 GC heap before
{Heap before GC invocations=209 (full 5):
 PSYoungGen      total 33280K, used 32871K [0x00000000eab00000, 0x00000000ee480000, 0x0000000100000000)
  eden space 19968K, 100% used [0x00000000eab00000,0x00000000ebe80000,0x00000000ebe80000)
  from space 13312K, 96% used [0x00000000ebe80000,0x00000000ecb19f98,0x00000000ecb80000)
  to   space 19456K, 0% used [0x00000000ed180000,0x00000000ed180000,0x00000000ee480000)
 ParOldGen       total 344576K, used 300005K [0x00000000c0000000, 0x00000000d5080000, 0x00000000eab00000)
  object space 344576K, 87% used [0x00000000c0000000,0x00000000d24f97d8,0x00000000d5080000)
 Metaspace       used 62872K, committed 64256K, reserved 1114112K
  class space    used 6465K, committed 7040K, reserved 1048576K
}
Event: 36.133 GC heap after
{Heap after GC invocations=209 (full 5):
 PSYoungGen      total 22016K, used 1728K [0x00000000eab00000, 0x00000000ed380000, 0x0000000100000000)
  eden space 19968K, 0% used [0x00000000eab00000,0x00000000eab00000,0x00000000ebe80000)
  from space 2048K, 84% used [0x00000000ed180000,0x00000000ed330038,0x00000000ed380000)
  to   space 7168K, 0% used [0x00000000ec580000,0x00000000ec580000,0x00000000ecc80000)
 ParOldGen       total 344576K, used 304405K [0x00000000c0000000, 0x00000000d5080000, 0x00000000eab00000)
  object space 344576K, 88% used [0x00000000c0000000,0x00000000d29457d8,0x00000000d5080000)
 Metaspace       used 62872K, committed 64256K, reserved 1114112K
  class space    used 6465K, committed 7040K, reserved 1048576K
}

Dll operation events (10 events):
Event: 0.025 Loaded shared library c:\Users\PC\.vscode\extensions\redhat.java-1.42.0-win32-x64\jre\21.0.7-win32-x86_64\bin\java.dll
Event: 0.329 Loaded shared library c:\Users\PC\.vscode\extensions\redhat.java-1.42.0-win32-x64\jre\21.0.7-win32-x86_64\bin\zip.dll
Event: 0.411 Loaded shared library C:\Users\PC\.vscode\extensions\redhat.java-1.42.0-win32-x64\jre\21.0.7-win32-x86_64\bin\instrument.dll
Event: 0.423 Loaded shared library C:\Users\PC\.vscode\extensions\redhat.java-1.42.0-win32-x64\jre\21.0.7-win32-x86_64\bin\net.dll
Event: 0.433 Loaded shared library C:\Users\PC\.vscode\extensions\redhat.java-1.42.0-win32-x64\jre\21.0.7-win32-x86_64\bin\nio.dll
Event: 0.448 Loaded shared library C:\Users\PC\.vscode\extensions\redhat.java-1.42.0-win32-x64\jre\21.0.7-win32-x86_64\bin\zip.dll
Event: 0.502 Loaded shared library C:\Users\PC\.vscode\extensions\redhat.java-1.42.0-win32-x64\jre\21.0.7-win32-x86_64\bin\jimage.dll
Event: 0.687 Loaded shared library c:\Users\PC\.vscode\extensions\redhat.java-1.42.0-win32-x64\jre\21.0.7-win32-x86_64\bin\verify.dll
Event: 3.588 Loaded shared library C:\Users\PC\AppData\Roaming\Code\User\globalStorage\redhat.java\1.42.0\config_win\org.eclipse.equinox.launcher\org.eclipse.equinox.launcher.win32.win32.x86_64_1.2.1300.v20250331-1702\eclipse_11911.dll
Event: 9.396 Loaded shared library C:\Users\PC\AppData\Local\Temp\jna-2547\jna264477509039072114.dll

Deoptimization events (20 events):
Event: 35.887 Thread 0x000001f00e7dcb40 Uncommon trap: trap_request=0xffffff45 fr.pc=0x000001efbbb18c08 relative=0x00000000000005e8
Event: 35.887 Thread 0x000001f00e7dcb40 Uncommon trap: reason=unstable_if action=reinterpret pc=0x000001efbbb18c08 method=org.eclipse.jdt.internal.core.index.DiskIndex.addQueryResult(Lorg/eclipse/jdt/internal/compiler/util/HashtableOfObject;[CLjava/lang/Object;Lorg/eclipse/jdt/internal/core/ind
Event: 35.888 Thread 0x000001f00e7dcb40 DEOPT PACKING pc=0x000001efbbb18c08 sp=0x00000014af6fec20
Event: 35.888 Thread 0x000001f00e7dcb40 DEOPT UNPACKING pc=0x000001efbb206da2 sp=0x00000014af6feb70 mode 2
Event: 35.889 Thread 0x000001f00e7dd1d0 Uncommon trap: trap_request=0xffffff45 fr.pc=0x000001efbbbf1908 relative=0x00000000000001e8
Event: 35.889 Thread 0x000001f00e7dd1d0 Uncommon trap: reason=unstable_if action=reinterpret pc=0x000001efbbbf1908 method=org.eclipse.core.runtime.Path.computeLength()I @ 92 c2
Event: 35.889 Thread 0x000001f00e7dd1d0 DEOPT PACKING pc=0x000001efbbbf1908 sp=0x00000014af7fe730
Event: 35.889 Thread 0x000001f00e7dd1d0 DEOPT UNPACKING pc=0x000001efbb206da2 sp=0x00000014af7fe6a8 mode 2
Event: 35.922 Thread 0x000001f00e7dd1d0 DEOPT PACKING pc=0x000001efb3cd4020 sp=0x00000014af7fe710
Event: 35.922 Thread 0x000001f00e7dd1d0 DEOPT UNPACKING pc=0x000001efbb2078e2 sp=0x00000014af7fdc18 mode 3
Event: 35.970 Thread 0x000001f00e7dec10 DEOPT PACKING pc=0x000001efb49a84a6 sp=0x00000014af5fdad0
Event: 35.970 Thread 0x000001f00e7dec10 DEOPT UNPACKING pc=0x000001efbb2078e2 sp=0x00000014af5fcfc0 mode 0
Event: 35.971 Thread 0x000001f00e7dec10 DEOPT PACKING pc=0x000001efb49a84a6 sp=0x00000014af5fdad0
Event: 35.971 Thread 0x000001f00e7dec10 DEOPT UNPACKING pc=0x000001efbb2078e2 sp=0x00000014af5fcfc0 mode 0
Event: 35.972 Thread 0x000001f00e7dec10 DEOPT PACKING pc=0x000001efb49a84a6 sp=0x00000014af5fdad0
Event: 35.972 Thread 0x000001f00e7dec10 DEOPT UNPACKING pc=0x000001efbb2078e2 sp=0x00000014af5fcfc0 mode 0
Event: 35.972 Thread 0x000001f00e7dec10 DEOPT PACKING pc=0x000001efb49a84a6 sp=0x00000014af5fdad0
Event: 35.972 Thread 0x000001f00e7dec10 DEOPT UNPACKING pc=0x000001efbb2078e2 sp=0x00000014af5fcfc0 mode 0
Event: 36.221 Thread 0x000001f00e7dec10 DEOPT PACKING pc=0x000001efb449e7b3 sp=0x00000014af5f8810
Event: 36.221 Thread 0x000001f00e7dec10 DEOPT UNPACKING pc=0x000001efbb2078e2 sp=0x00000014af5f7d40 mode 0

Classes loaded (20 events):
Event: 26.605 Loading class java/util/concurrent/CompletableFuture$Signaller
Event: 26.606 Loading class java/util/concurrent/CompletableFuture$Signaller done
Event: 26.943 Loading class java/nio/charset/CharacterCodingException
Event: 26.943 Loading class java/nio/charset/CharacterCodingException done
Event: 26.943 Loading class java/io/SequenceInputStream
Event: 26.943 Loading class java/io/SequenceInputStream done
Event: 27.736 Loading class java/util/concurrent/CompletableFuture$UniApply
Event: 27.736 Loading class java/util/concurrent/CompletableFuture$UniApply done
Event: 27.737 Loading class java/util/concurrent/CompletableFuture$UniExceptionally
Event: 27.803 Loading class java/util/concurrent/CompletableFuture$UniExceptionally done
Event: 28.030 Loading class java/util/Hashtable$KeySet
Event: 28.031 Loading class java/util/Hashtable$KeySet done
Event: 33.357 Loading class sun/nio/cs/ISO_8859_1$Encoder
Event: 33.358 Loading class sun/nio/cs/ISO_8859_1$Encoder done
Event: 33.358 Loading class sun/nio/cs/Surrogate$Parser
Event: 33.358 Loading class sun/nio/cs/Surrogate$Parser done
Event: 33.358 Loading class sun/nio/cs/Surrogate
Event: 33.359 Loading class sun/nio/cs/Surrogate done
Event: 35.683 Loading class sun/nio/fs/WindowsFileCopy
Event: 35.685 Loading class sun/nio/fs/WindowsFileCopy done

Classes unloaded (8 events):
Event: 10.654 Thread 0x000001efb0b344e0 Unloading class 0x000001efc61a4400 'java/lang/invoke/LambdaForm$MH+0x000001efc61a4400'
Event: 10.654 Thread 0x000001efb0b344e0 Unloading class 0x000001efc61a4000 'java/lang/invoke/LambdaForm$MH+0x000001efc61a4000'
Event: 10.654 Thread 0x000001efb0b344e0 Unloading class 0x000001efc61a3c00 'java/lang/invoke/LambdaForm$MH+0x000001efc61a3c00'
Event: 10.654 Thread 0x000001efb0b344e0 Unloading class 0x000001efc61a3800 'java/lang/invoke/LambdaForm$MH+0x000001efc61a3800'
Event: 10.654 Thread 0x000001efb0b344e0 Unloading class 0x000001efc61a3400 'java/lang/invoke/LambdaForm$BMH+0x000001efc61a3400'
Event: 10.654 Thread 0x000001efb0b344e0 Unloading class 0x000001efc61a3000 'java/lang/invoke/LambdaForm$DMH+0x000001efc61a3000'
Event: 10.654 Thread 0x000001efb0b344e0 Unloading class 0x000001efc61a1c00 'java/lang/invoke/LambdaForm$DMH+0x000001efc61a1c00'
Event: 14.808 Thread 0x000001efb0b344e0 Unloading class 0x000001efc62d3000 'java/lang/invoke/LambdaForm$DMH+0x000001efc62d3000'

Classes redefined (0 events):
No events

Internal exceptions (20 events):
Event: 28.094 Thread 0x000001f00c1f0ec0 Exception <a 'sun/nio/fs/WindowsException'{0x00000000eaf7a1d0}> (0x00000000eaf7a1d0) 
thrown [s\src\hotspot\share\prims\jni.cpp, line 520]
Event: 28.094 Thread 0x000001f00c1f0ec0 Exception <a 'sun/nio/fs/WindowsException'{0x00000000eaf7a800}> (0x00000000eaf7a800) 
thrown [s\src\hotspot\share\prims\jni.cpp, line 520]
Event: 28.096 Thread 0x000001f00c1f0ec0 Exception <a 'sun/nio/fs/WindowsException'{0x00000000eaf7f8a8}> (0x00000000eaf7f8a8) 
thrown [s\src\hotspot\share\prims\jni.cpp, line 520]
Event: 28.096 Thread 0x000001f00c1f0ec0 Exception <a 'sun/nio/fs/WindowsException'{0x00000000eaf7fed8}> (0x00000000eaf7fed8) 
thrown [s\src\hotspot\share\prims\jni.cpp, line 520]
Event: 28.105 Thread 0x000001f00cb84fe0 Exception <a 'java/lang/IncompatibleClassChangeError'{0x00000000eaffba60}: Found class java.lang.Object, but interface was expected> (0x00000000eaffba60) 
thrown [s\src\hotspot\share\interpreter\linkResolver.cpp, line 840]
Event: 28.107 Thread 0x000001f00c1f0ec0 Exception <a 'sun/nio/fs/WindowsException'{0x00000000eb0556f0}> (0x00000000eb0556f0) 
thrown [s\src\hotspot\share\prims\jni.cpp, line 520]
Event: 28.107 Thread 0x000001f00c1f0ec0 Exception <a 'sun/nio/fs/WindowsException'{0x00000000eb055d20}> (0x00000000eb055d20) 
thrown [s\src\hotspot\share\prims\jni.cpp, line 520]
Event: 28.108 Thread 0x000001f00c1f0ec0 Exception <a 'sun/nio/fs/WindowsException'{0x00000000eb056988}> (0x00000000eb056988) 
thrown [s\src\hotspot\share\prims\jni.cpp, line 520]
Event: 28.108 Thread 0x000001f00c1f0ec0 Exception <a 'sun/nio/fs/WindowsException'{0x00000000eb056fb8}> (0x00000000eb056fb8) 
thrown [s\src\hotspot\share\prims\jni.cpp, line 520]
Event: 28.109 Thread 0x000001f00c1f0ec0 Exception <a 'sun/nio/fs/WindowsException'{0x00000000eb077460}> (0x00000000eb077460) 
thrown [s\src\hotspot\share\prims\jni.cpp, line 520]
Event: 28.109 Thread 0x000001f00c1f0ec0 Exception <a 'sun/nio/fs/WindowsException'{0x00000000eb077a90}> (0x00000000eb077a90) 
thrown [s\src\hotspot\share\prims\jni.cpp, line 520]
Event: 28.352 Thread 0x000001f00c1f0ec0 Exception <a 'java/lang/NoSuchMethodError'{0x00000000eaf48028}: 'java.lang.Object java.lang.invoke.DirectMethodHandle$Holder.invokeStatic(java.lang.Object, java.lang.Object, int, java.lang.Object)'> (0x00000000eaf48028) 
thrown [s\src\hotspot\share\interpreter\linkResolver.cpp, line 773]
Event: 28.353 Thread 0x000001f00c1f0ec0 Exception <a 'java/lang/NoSuchMethodError'{0x00000000eaf79920}: 'java.lang.Object java.lang.invoke.DirectMethodHandle$Holder.newInvokeSpecial(java.lang.Object, java.lang.Object, int)'> (0x00000000eaf79920) 
thrown [s\src\hotspot\share\interpreter\linkResolver.cpp, line 773]
Event: 35.686 Thread 0x000001f00c1ee0d0 Exception <a 'sun/nio/fs/WindowsException'{0x00000000eabe56e8}> (0x00000000eabe56e8) 
thrown [s\src\hotspot\share\prims\jni.cpp, line 520]
Event: 35.910 Thread 0x000001f00e7dd1d0 Exception <a 'sun/nio/fs/WindowsException'{0x00000000eb825588}> (0x00000000eb825588) 
thrown [s\src\hotspot\share\prims\jni.cpp, line 520]
Event: 35.910 Thread 0x000001f00e7dd1d0 Exception <a 'sun/nio/fs/WindowsException'{0x00000000eb825e88}> (0x00000000eb825e88) 
thrown [s\src\hotspot\share\prims\jni.cpp, line 520]
Event: 35.911 Thread 0x000001f00e7dd1d0 Exception <a 'sun/nio/fs/WindowsException'{0x00000000eb826da0}> (0x00000000eb826da0) 
thrown [s\src\hotspot\share\prims\jni.cpp, line 520]
Event: 35.911 Thread 0x000001f00e7dd1d0 Exception <a 'sun/nio/fs/WindowsException'{0x00000000eb827680}> (0x00000000eb827680) 
thrown [s\src\hotspot\share\prims\jni.cpp, line 520]
Event: 35.912 Thread 0x000001f00e7dd1d0 Exception <a 'sun/nio/fs/WindowsException'{0x00000000eb828d30}> (0x00000000eb828d30) 
thrown [s\src\hotspot\share\prims\jni.cpp, line 520]
Event: 35.912 Thread 0x000001f00e7dd1d0 Exception <a 'sun/nio/fs/WindowsException'{0x00000000eb829610}> (0x00000000eb829610) 
thrown [s\src\hotspot\share\prims\jni.cpp, line 520]

ZGC Phase Switch (0 events):
No events

VM Operations (20 events):
Event: 33.835 Executing VM operation: ParallelGCFailedAllocation (Allocation Failure)
Event: 33.839 Executing VM operation: ParallelGCFailedAllocation (Allocation Failure) done
Event: 33.858 Executing VM operation: ParallelGCFailedAllocation (Allocation Failure)
Event: 33.862 Executing VM operation: ParallelGCFailedAllocation (Allocation Failure) done
Event: 34.016 Executing VM operation: ParallelGCFailedAllocation (Allocation Failure)
Event: 34.021 Executing VM operation: ParallelGCFailedAllocation (Allocation Failure) done
Event: 34.238 Executing VM operation: ParallelGCFailedAllocation (Allocation Failure)
Event: 34.248 Executing VM operation: ParallelGCFailedAllocation (Allocation Failure) done
Event: 34.441 Executing VM operation: ParallelGCFailedAllocation (Allocation Failure)
Event: 34.453 Executing VM operation: ParallelGCFailedAllocation (Allocation Failure) done
Event: 34.678 Executing VM operation: ParallelGCFailedAllocation (Allocation Failure)
Event: 34.727 Executing VM operation: ParallelGCFailedAllocation (Allocation Failure) done
Event: 35.296 Executing VM operation: ParallelGCFailedAllocation (Allocation Failure)
Event: 35.640 Executing VM operation: ParallelGCFailedAllocation (Allocation Failure) done
Event: 35.782 Executing VM operation: ParallelGCFailedAllocation (Allocation Failure)
Event: 35.794 Executing VM operation: ParallelGCFailedAllocation (Allocation Failure) done
Event: 35.920 Executing VM operation: HandshakeAllThreads (Deoptimize)
Event: 35.920 Executing VM operation: HandshakeAllThreads (Deoptimize) done
Event: 36.121 Executing VM operation: ParallelGCFailedAllocation (Allocation Failure)
Event: 36.134 Executing VM operation: ParallelGCFailedAllocation (Allocation Failure) done

Memory protections (0 events):
No events

Nmethod flushes (20 events):
Event: 35.540 Thread 0x000001efb0b344e0 flushing  nmethod 0x000001efb4dc9a10
Event: 35.540 Thread 0x000001efb0b344e0 flushing  nmethod 0x000001efb4dcad90
Event: 35.540 Thread 0x000001efb0b344e0 flushing  nmethod 0x000001efb4ddf290
Event: 35.540 Thread 0x000001efb0b344e0 flushing  nmethod 0x000001efb4dec310
Event: 35.540 Thread 0x000001efb0b344e0 flushing  nmethod 0x000001efb4e02010
Event: 35.540 Thread 0x000001efb0b344e0 flushing  nmethod 0x000001efb4e03c10
Event: 35.540 Thread 0x000001efb0b344e0 flushing  nmethod 0x000001efb4e05210
Event: 35.540 Thread 0x000001efb0b344e0 flushing  nmethod 0x000001efb4ec9990
Event: 35.540 Thread 0x000001efb0b344e0 flushing  nmethod 0x000001efb4f77590
Event: 35.540 Thread 0x000001efb0b344e0 flushing  nmethod 0x000001efb4f86890
Event: 35.540 Thread 0x000001efb0b344e0 flushing  nmethod 0x000001efb4f92410
Event: 35.540 Thread 0x000001efb0b344e0 flushing  nmethod 0x000001efb4f97a90
Event: 35.540 Thread 0x000001efb0b344e0 flushing  nmethod 0x000001efb4fa1c90
Event: 35.540 Thread 0x000001efb0b344e0 flushing  nmethod 0x000001efb4fba190
Event: 35.540 Thread 0x000001efb0b344e0 flushing  nmethod 0x000001efb4fcf110
Event: 35.540 Thread 0x000001efb0b344e0 flushing osr nmethod 0x000001efb4fd6290
Event: 35.540 Thread 0x000001efb0b344e0 flushing  nmethod 0x000001efb4fdb090
Event: 35.540 Thread 0x000001efb0b344e0 flushing  nmethod 0x000001efb4ff7e90
Event: 35.540 Thread 0x000001efb0b344e0 flushing  nmethod 0x000001efb5003410
Event: 35.540 Thread 0x000001efb0b344e0 flushing  nmethod 0x000001efb5042f90

Events (20 events):
Event: 22.092 Thread 0x000001f00c1ee760 Thread added: 0x000001f0106424a0
Event: 22.418 Thread 0x000001f00c1ee760 Thread added: 0x000001f0106431c0
Event: 22.458 Thread 0x000001f00c1ee760 Thread added: 0x000001f010643850
Event: 22.461 Thread 0x000001f00c1ee760 Thread added: 0x000001f01063cf50
Event: 22.484 Thread 0x000001f00c1ee760 Thread added: 0x000001f0106410f0
Event: 22.525 Thread 0x000001f00c1ee760 Thread added: 0x000001f00e7de580
Event: 22.547 Thread 0x000001f00c1ee760 Thread added: 0x000001f00e7dd860
Event: 27.146 Thread 0x000001f00cb84fe0 Thread added: 0x000001f00e7dec10
Event: 27.811 Thread 0x000001f00cb84fe0 Thread added: 0x000001f00e7dcb40
Event: 28.169 Thread 0x000001f00e7dec10 Thread added: 0x000001f00e7dd1d0
Event: 29.328 Thread 0x000001f00cade770 Thread exited: 0x000001f00cade770
Event: 33.204 Thread 0x000001efc4e558b0 Thread added: 0x000001f007b30070
Event: 33.712 Thread 0x000001f007b30070 Thread exited: 0x000001f007b30070
Event: 34.059 Thread 0x000001efc4e558b0 Thread added: 0x000001f007b30070
Event: 34.847 Thread 0x000001f007b30070 Thread exited: 0x000001f007b30070
Event: 35.072 Thread 0x000001efc4e558b0 Thread added: 0x000001f007b30070
Event: 35.681 Thread 0x000001f007b30070 Thread exited: 0x000001f007b30070
Event: 35.867 Thread 0x000001f00e7dd1d0 Thread added: 0x000001f00e7dc4b0
Event: 35.869 Thread 0x000001f00cb84fe0 Thread added: 0x000001f00cb80120
Event: 35.901 Thread 0x000001efc4e56f50 Thread added: 0x000001f007b30070


Dynamic libraries:
0x00007ff7e4eb0000 - 0x00007ff7e4ebe000 	c:\Users\PC\.vscode\extensions\redhat.java-1.42.0-win32-x64\jre\21.0.7-win32-x86_64\bin\java.exe
0x00007ffbb7a70000 - 0x00007ffbb7c87000 	C:\WINDOWS\SYSTEM32\ntdll.dll
0x00007ffb747d0000 - 0x00007ffb747eb000 	C:\Program Files\Avast Software\Avast\aswhook.dll
0x00007ffbb6e00000 - 0x00007ffbb6ec4000 	C:\WINDOWS\System32\KERNEL32.DLL
0x00007ffbb4f60000 - 0x00007ffbb5333000 	C:\WINDOWS\System32\KERNELBASE.dll
0x00007ffbb55e0000 - 0x00007ffbb56f1000 	C:\WINDOWS\System32\ucrtbase.dll
0x00007ffb953e0000 - 0x00007ffb953f8000 	c:\Users\PC\.vscode\extensions\redhat.java-1.42.0-win32-x64\jre\21.0.7-win32-x86_64\bin\jli.dll
0x00007ffbb71a0000 - 0x00007ffbb7351000 	C:\WINDOWS\System32\USER32.dll
0x00007ffbb4f30000 - 0x00007ffbb4f56000 	C:\WINDOWS\System32\win32u.dll
0x00007ffbb6d20000 - 0x00007ffbb6d49000 	C:\WINDOWS\System32\GDI32.dll
0x00007ffbb53c0000 - 0x00007ffbb54e2000 	C:\WINDOWS\System32\gdi32full.dll
0x00007ffbb4cd0000 - 0x00007ffbb4d6a000 	C:\WINDOWS\System32\msvcp_win.dll
0x00007ffb939c0000 - 0x00007ffb939de000 	c:\Users\PC\.vscode\extensions\redhat.java-1.42.0-win32-x64\jre\21.0.7-win32-x86_64\bin\VCRUNTIME140.dll
0x00007ffb985e0000 - 0x00007ffb9887b000 	C:\WINDOWS\WinSxS\amd64_microsoft.windows.common-controls_6595b64144ccf1df_6.0.22621.5262_none_2712bde373830908\COMCTL32.dll
0x00007ffbb6c70000 - 0x00007ffbb6d17000 	C:\WINDOWS\System32\msvcrt.dll
0x00007ffbb6800000 - 0x00007ffbb6831000 	C:\WINDOWS\System32\IMM32.DLL
0x00007ffb968a0000 - 0x00007ffb968ac000 	c:\Users\PC\.vscode\extensions\redhat.java-1.42.0-win32-x64\jre\21.0.7-win32-x86_64\bin\vcruntime140_1.dll
0x00007ffb68ad0000 - 0x00007ffb68b5d000 	c:\Users\PC\.vscode\extensions\redhat.java-1.42.0-win32-x64\jre\21.0.7-win32-x86_64\bin\msvcp140.dll
0x00007ffb4ce00000 - 0x00007ffb4db90000 	c:\Users\PC\.vscode\extensions\redhat.java-1.42.0-win32-x64\jre\21.0.7-win32-x86_64\bin\server\jvm.dll
0x00007ffbb6740000 - 0x00007ffbb67f1000 	C:\WINDOWS\System32\ADVAPI32.dll
0x00007ffbb70f0000 - 0x00007ffbb7197000 	C:\WINDOWS\System32\sechost.dll
0x00007ffbb54f0000 - 0x00007ffbb5518000 	C:\WINDOWS\System32\bcrypt.dll
0x00007ffbb5c70000 - 0x00007ffbb5d84000 	C:\WINDOWS\System32\RPCRT4.dll
0x00007ffbb5700000 - 0x00007ffbb5771000 	C:\WINDOWS\System32\WS2_32.dll
0x00007ffbb4880000 - 0x00007ffbb48cd000 	C:\WINDOWS\SYSTEM32\POWRPROF.dll
0x00007ffbb00b0000 - 0x00007ffbb00e4000 	C:\WINDOWS\SYSTEM32\WINMM.dll
0x00007ffbb0510000 - 0x00007ffbb051a000 	C:\WINDOWS\SYSTEM32\VERSION.dll
0x00007ffbb4860000 - 0x00007ffbb4873000 	C:\WINDOWS\SYSTEM32\UMPDC.dll
0x00007ffbb3ba0000 - 0x00007ffbb3bb8000 	C:\WINDOWS\SYSTEM32\kernel.appcore.dll
0x00007ffb96270000 - 0x00007ffb9627a000 	c:\Users\PC\.vscode\extensions\redhat.java-1.42.0-win32-x64\jre\21.0.7-win32-x86_64\bin\jimage.dll
0x00007ffbb1bb0000 - 0x00007ffbb1de2000 	C:\WINDOWS\SYSTEM32\DBGHELP.DLL
0x00007ffbb7560000 - 0x00007ffbb78f3000 	C:\WINDOWS\System32\combase.dll
0x00007ffbb6a10000 - 0x00007ffbb6ae7000 	C:\WINDOWS\System32\OLEAUT32.dll
0x00007ffba8730000 - 0x00007ffba8762000 	C:\WINDOWS\SYSTEM32\dbgcore.DLL
0x00007ffbb5340000 - 0x00007ffbb53bb000 	C:\WINDOWS\System32\bcryptPrimitives.dll
0x00007ffb96240000 - 0x00007ffb9624f000 	c:\Users\PC\.vscode\extensions\redhat.java-1.42.0-win32-x64\jre\21.0.7-win32-x86_64\bin\instrument.dll
0x00007ffb93970000 - 0x00007ffb9398f000 	c:\Users\PC\.vscode\extensions\redhat.java-1.42.0-win32-x64\jre\21.0.7-win32-x86_64\bin\java.dll
0x00007ffbb5e10000 - 0x00007ffbb66ad000 	C:\WINDOWS\System32\SHELL32.dll
0x00007ffbb4df0000 - 0x00007ffbb4f2f000 	C:\WINDOWS\System32\wintypes.dll
0x00007ffbb2aa0000 - 0x00007ffbb33bd000 	C:\WINDOWS\SYSTEM32\windows.storage.dll
0x00007ffbb7920000 - 0x00007ffbb7a2b000 	C:\WINDOWS\System32\SHCORE.dll
0x00007ffbb6ee0000 - 0x00007ffbb6f46000 	C:\WINDOWS\System32\shlwapi.dll
0x00007ffbb4a90000 - 0x00007ffbb4abb000 	C:\WINDOWS\SYSTEM32\profapi.dll
0x00007ffb917b0000 - 0x00007ffb917c8000 	c:\Users\PC\.vscode\extensions\redhat.java-1.42.0-win32-x64\jre\21.0.7-win32-x86_64\bin\zip.dll
0x00007ffb960b0000 - 0x00007ffb960c0000 	C:\Users\PC\.vscode\extensions\redhat.java-1.42.0-win32-x64\jre\21.0.7-win32-x86_64\bin\net.dll
0x00007ffbb13f0000 - 0x00007ffbb151c000 	C:\WINDOWS\SYSTEM32\WINHTTP.dll
0x00007ffbb4020000 - 0x00007ffbb408a000 	C:\WINDOWS\system32\mswsock.dll
0x00007ffb91790000 - 0x00007ffb917a6000 	C:\Users\PC\.vscode\extensions\redhat.java-1.42.0-win32-x64\jre\21.0.7-win32-x86_64\bin\nio.dll
0x00007ffb95480000 - 0x00007ffb95490000 	c:\Users\PC\.vscode\extensions\redhat.java-1.42.0-win32-x64\jre\21.0.7-win32-x86_64\bin\verify.dll
0x00007ffb6dcc0000 - 0x00007ffb6dd05000 	C:\Users\PC\AppData\Roaming\Code\User\globalStorage\redhat.java\1.42.0\config_win\org.eclipse.equinox.launcher\org.eclipse.equinox.launcher.win32.win32.x86_64_1.2.1300.v20250331-1702\eclipse_11911.dll
0x00007ffbb7360000 - 0x00007ffbb7501000 	C:\WINDOWS\System32\ole32.dll
0x00007ffbb4280000 - 0x00007ffbb429b000 	C:\WINDOWS\SYSTEM32\CRYPTSP.dll
0x00007ffbb3b00000 - 0x00007ffbb3b37000 	C:\WINDOWS\system32\rsaenh.dll
0x00007ffbb4110000 - 0x00007ffbb4138000 	C:\WINDOWS\SYSTEM32\USERENV.dll
0x00007ffbb4270000 - 0x00007ffbb427c000 	C:\WINDOWS\SYSTEM32\CRYPTBASE.dll
0x00007ffbb36b0000 - 0x00007ffbb36dd000 	C:\WINDOWS\SYSTEM32\IPHLPAPI.DLL
0x00007ffbb6fd0000 - 0x00007ffbb6fd9000 	C:\WINDOWS\System32\NSI.dll
0x00007ffb68450000 - 0x00007ffb68499000 	C:\Users\PC\AppData\Local\Temp\jna-2547\jna264477509039072114.dll
0x00007ffbb5d90000 - 0x00007ffbb5d98000 	C:\WINDOWS\System32\PSAPI.DLL
0x00007ffbb0490000 - 0x00007ffbb04a9000 	C:\WINDOWS\SYSTEM32\dhcpcsvc6.DLL
0x00007ffbb0470000 - 0x00007ffbb048f000 	C:\WINDOWS\SYSTEM32\dhcpcsvc.DLL

dbghelp: loaded successfully - version: 4.0.5 - missing functions: none
symbol engine: initialized successfully - sym options: 0x614 - pdb path: .;c:\Users\PC\.vscode\extensions\redhat.java-1.42.0-win32-x64\jre\21.0.7-win32-x86_64\bin;C:\WINDOWS\SYSTEM32;C:\Program Files\Avast Software\Avast;C:\WINDOWS\WinSxS\amd64_microsoft.windows.common-controls_6595b64144ccf1df_6.0.22621.5262_none_2712bde373830908;c:\Users\PC\.vscode\extensions\redhat.java-1.42.0-win32-x64\jre\21.0.7-win32-x86_64\bin\server;C:\Users\PC\AppData\Roaming\Code\User\globalStorage\redhat.java\1.42.0\config_win\org.eclipse.equinox.launcher\org.eclipse.equinox.launcher.win32.win32.x86_64_1.2.1300.v20250331-1702;C:\Users\PC\AppData\Local\Temp\jna-2547

VM Arguments:
jvm_args: --add-modules=ALL-SYSTEM --add-opens=java.base/java.util=ALL-UNNAMED --add-opens=java.base/java.lang=ALL-UNNAMED --add-opens=java.base/sun.nio.fs=ALL-UNNAMED -Declipse.application=org.eclipse.jdt.ls.core.id1 -Dosgi.bundles.defaultStartLevel=4 -Declipse.product=org.eclipse.jdt.ls.core.product -Djava.import.generatesMetadataFilesAtProjectRoot=false -DDetectVMInstallationsJob.disabled=true -Dfile.encoding=utf8 -XX:+UseParallelGC -XX:GCTimeRatio=4 -XX:AdaptiveSizePolicyWeight=90 -Dsun.zip.disableMemoryMapping=true -Xmx1G -Xms100m -Xlog:disable -javaagent:c:\Users\PC\.vscode\extensions\redhat.java-1.42.0-win32-x64\lombok\lombok-1.18.36.jar -XX:+HeapDumpOnOutOfMemoryError -XX:HeapDumpPath=c:\Users\PC\AppData\Roaming\Code\User\workspaceStorage\a707a5db53e71f9ab3331907ae8207c0\redhat.java -Daether.dependencyCollector.impl=bf 
java_command: c:\Users\PC\.vscode\extensions\redhat.java-1.42.0-win32-x64\server\plugins\org.eclipse.equinox.launcher_1.7.0.v20250424-1814.jar -configuration c:\Users\PC\AppData\Roaming\Code\User\globalStorage\redhat.java\1.42.0\config_win -data c:\Users\PC\AppData\Roaming\Code\User\workspaceStorage\a707a5db53e71f9ab3331907ae8207c0\redhat.java\jdt_ws --pipe=\\.\pipe\lsp-51eef6dd26ba6e87cf6b326b61832b4f-sock
java_class_path (initial): c:\Users\PC\.vscode\extensions\redhat.java-1.42.0-win32-x64\server\plugins\org.eclipse.equinox.launcher_1.7.0.v20250424-1814.jar
Launcher Type: SUN_STANDARD

[Global flags]
    uintx AdaptiveSizePolicyWeight                 = 90                                        {product} {command line}
     intx CICompilerCount                          = 4                                         {product} {ergonomic}
    uintx GCTimeRatio                              = 4                                         {product} {command line}
     bool HeapDumpOnOutOfMemoryError               = true                                   {manageable} {command line}
    ccstr HeapDumpPath                             = c:\Users\PC\AppData\Roaming\Code\User\workspaceStorage\a707a5db53e71f9ab3331907ae8207c0\redhat.java         {manageable} {command line}
   size_t InitialHeapSize                          = 104857600                                 {product} {command line}
   size_t MaxHeapSize                              = 1073741824                                {product} {command line}
   size_t MaxNewSize                               = 357564416                                 {product} {ergonomic}
   size_t MinHeapDeltaBytes                        = 524288                                    {product} {ergonomic}
   size_t MinHeapSize                              = 104857600                                 {product} {command line}
   size_t NewSize                                  = 34603008                                  {product} {ergonomic}
    uintx NonNMethodCodeHeapSize                   = 5839372                                {pd product} {ergonomic}
    uintx NonProfiledCodeHeapSize                  = 122909434                              {pd product} {ergonomic}
   size_t OldSize                                  = 70254592                                  {product} {ergonomic}
    uintx ProfiledCodeHeapSize                     = 122909434                              {pd product} {ergonomic}
    uintx ReservedCodeCacheSize                    = 251658240                              {pd product} {ergonomic}
     bool SegmentedCodeCache                       = true                                      {product} {ergonomic}
   size_t SoftMaxHeapSize                          = 1073741824                             {manageable} {ergonomic}
     bool UseCompressedOops                        = true                           {product lp64_product} {ergonomic}
     bool UseLargePagesIndividualAllocation        = false                                  {pd product} {ergonomic}
     bool UseParallelGC                            = true                                      {product} {command line}

Logging:
Log output configuration:
 #0: stdout all=off uptime,level,tags foldmultilines=false
 #1: stderr all=off uptime,level,tags foldmultilines=false

Environment Variables:
PATH=C:\Program Files\Java\jdk-24\bin;C:\Program Files (x86)\Common Files\Oracle\Java\javapath;C:\WINDOWS\system32;C:\WINDOWS;C:\WINDOWS\System32\Wbem;C:\WINDOWS\System32\WindowsPowerShell\v1.0\;C:\WINDOWS\System32\OpenSSH\;C:\Program Files\dotnet\;C:\Program Files\Microsoft SQL Server\130\Tools\Binn\;C:\Program Files (x86)\dotnet\;C:\Program Files\HP\HP One Agent;C:\Program Files (x86)\Dev-Cpp\MinGW64\bin;C:\Program Files\Calibre2\;C:\Program Files\Git\cmd;C:\Users\PC\AppData\Local\Microsoft\WindowsApps;C:\Users\PC\AppData\Local\GitHubDesktop\bin;
USERNAME=PC
OS=Windows_NT
PROCESSOR_IDENTIFIER=Intel64 Family 6 Model 140 Stepping 1, GenuineIntel
TMP=C:\Users\PC\AppData\Local\Temp
TEMP=C:\Users\PC\AppData\Local\Temp




Periodic native trim disabled

---------------  S Y S T E M  ---------------

OS:
 Windows 11 , 64 bit Build 22621 (10.0.22621.5262)
OS uptime: 0 days 23:21 hours

CPU: total 8 (initial active 8) (4 cores per cpu, 2 threads per core) family 6 model 140 stepping 1 microcode 0xa4, cx8, cmov, fxsr, ht, mmx, 3dnowpref, sse, sse2, sse3, ssse3, sse4.1, sse4.2, popcnt, lzcnt, tsc, tscinvbit, avx, avx2, aes, erms, clmul, bmi1, bmi2, adx, avx512f, avx512dq, avx512cd, avx512bw, avx512vl, sha, fma, vzeroupper, avx512_vpopcntdq, avx512_vpclmulqdq, avx512_vaes, avx512_vnni, clflush, clflushopt, clwb, avx512_vbmi2, avx512_vbmi, rdtscp, rdpid, fsrm, gfni, avx512_bitalg, f16c, pku, cet_ibt, cet_ss, avx512_ifma
Processor Information for processor 0
  Max Mhz: 2419, Current Mhz: 2419, Mhz Limit: 2419
Processor Information for processor 1
  Max Mhz: 2419, Current Mhz: 2419, Mhz Limit: 2419
Processor Information for processor 2
  Max Mhz: 2419, Current Mhz: 2419, Mhz Limit: 2419
Processor Information for processor 3
  Max Mhz: 2419, Current Mhz: 1209, Mhz Limit: 2419
Processor Information for processor 4
  Max Mhz: 2419, Current Mhz: 2419, Mhz Limit: 2419
Processor Information for processor 5
  Max Mhz: 2419, Current Mhz: 2419, Mhz Limit: 2419
Processor Information for processor 6
  Max Mhz: 2419, Current Mhz: 2419, Mhz Limit: 2419
Processor Information for processor 7
  Max Mhz: 2419, Current Mhz: 2419, Mhz Limit: 2419

Memory: 4k page, system-wide physical 7859M (505M free)
TotalPageFile size 17859M (AvailPageFile size 2M)
current process WorkingSet (physical memory assigned to process): 561M, peak: 661M
current process commit charge ("private bytes"): 634M, peak: 1008M

vm_info: OpenJDK 64-Bit Server VM (21.0.7+6-LTS) for windows-amd64 JRE (21.0.7+6-LTS), built on 2025-04-15T00:00:00Z by "admin" with MS VC++ 17.7 (VS2022)

END.
