#
# There is insufficient memory for the Java Runtime Environment to continue.
# Native memory allocation (malloc) failed to allocate 1895360 bytes. Error detail: Chunk::new
# Possible reasons:
#   The system is out of physical RAM or swap space
#   This process is running with CompressedOops enabled, and the Java Heap may be blocking the growth of the native heap
# Possible solutions:
#   Reduce memory load on the system
#   Increase physical memory or swap space
#   Check if swap backing store is full
#   Decrease Java heap size (-Xmx/-Xms)
#   Decrease number of Java threads
#   Decrease Java thread stack sizes (-Xss)
#   Set larger code cache with -XX:ReservedCodeCacheSize=
#   JVM is running with Unscaled Compressed Oops mode in which the Java heap is
#     placed in the first 4GB address space. The Java Heap base address is the
#     maximum limit for the native heap growth. Please use -XX:HeapBaseMinAddress
#     to set the Java Heap base and to place the Java Heap above 4GB virtual address.
# This output file may be truncated or incomplete.
#
#  Out of Memory Error (arena.cpp:168), pid=19700, tid=2904
#
# JRE version: OpenJDK Runtime Environment Temurin-21.0.7+6 (21.0.7+6) (build 21.0.7+6-LTS)
# Java VM: OpenJDK 64-Bit Server VM Temurin-21.0.7+6 (21.0.7+6-LTS, mixed mode, sharing, tiered, compressed oops, compressed class ptrs, parallel gc, windows-amd64)
# No core dump will be written. Minidumps are not enabled by default on client versions of Windows
#

---------------  S U M M A R Y ------------

Command Line: --add-modules=ALL-SYSTEM --add-opens=java.base/java.util=ALL-UNNAMED --add-opens=java.base/java.lang=ALL-UNNAMED --add-opens=java.base/sun.nio.fs=ALL-UNNAMED -Declipse.application=org.eclipse.jdt.ls.core.id1 -Dosgi.bundles.defaultStartLevel=4 -Declipse.product=org.eclipse.jdt.ls.core.product -Djava.import.generatesMetadataFilesAtProjectRoot=false -DDetectVMInstallationsJob.disabled=true -Dfile.encoding=utf8 -XX:+UseParallelGC -XX:GCTimeRatio=4 -XX:AdaptiveSizePolicyWeight=90 -Dsun.zip.disableMemoryMapping=true -Xmx1G -Xms100m -Xlog:disable -javaagent:c:\Users\PC\.vscode\extensions\redhat.java-1.42.0-win32-x64\lombok\lombok-1.18.36.jar -XX:+HeapDumpOnOutOfMemoryError -XX:HeapDumpPath=c:\Users\PC\AppData\Roaming\Code\User\workspaceStorage\a707a5db53e71f9ab3331907ae8207c0\redhat.java -Daether.dependencyCollector.impl=bf c:\Users\PC\.vscode\extensions\redhat.java-1.42.0-win32-x64\server\plugins\org.eclipse.equinox.launcher_1.7.0.v20250424-1814.jar -configuration c:\Users\PC\AppData\Roaming\Code\User\globalStorage\redhat.java\1.42.0\config_win -data c:\Users\PC\AppData\Roaming\Code\User\workspaceStorage\a707a5db53e71f9ab3331907ae8207c0\redhat.java\jdt_ws --pipe=\\.\pipe\lsp-8df9eb0ec27152b055f8474d5c6944e4-sock

Host: 11th Gen Intel(R) Core(TM) i5-1135G7 @ 2.40GHz, 8 cores, 7G,  Windows 11 , 64 bit Build 22621 (10.0.22621.5262)
Time: Mon Jun  2 17:29:31 2025 SE Asia Standard Time elapsed time: 75.592274 seconds (0d 0h 1m 15s)

---------------  T H R E A D  ---------------

Current thread (0x0000015f6a1cf8e0):  JavaThread "C2 CompilerThread0" daemon [_thread_in_native, id=2904, stack(0x00000052e1c00000,0x00000052e1d00000) (1024K)]


Current CompileTask:
C2:75592 10337       4       org.eclipse.jdt.internal.compiler.lookup.BinaryTypeBinding::createMethod (1666 bytes)

Stack: [0x00000052e1c00000,0x00000052e1d00000]
Native frames: (J=compiled Java code, j=interpreted, Vv=VM code, C=native code)
V  [jvm.dll+0x6ce119]
V  [jvm.dll+0x8a84a1]
V  [jvm.dll+0x8aa9ce]
V  [jvm.dll+0x8ab0b3]
V  [jvm.dll+0x27f8a6]
V  [jvm.dll+0xc507d]
V  [jvm.dll+0xc55b3]
V  [jvm.dll+0x3b692c]
V  [jvm.dll+0x382aa5]
V  [jvm.dll+0x381f0a]
V  [jvm.dll+0x247af0]
V  [jvm.dll+0x2470cf]
V  [jvm.dll+0x1c760e]
V  [jvm.dll+0x25695a]
V  [jvm.dll+0x254efa]
V  [jvm.dll+0x3f03f6]
V  [jvm.dll+0x851f6b]
V  [jvm.dll+0x6cc7dd]
C  [ucrtbase.dll+0x29333]
C  [KERNEL32.DLL+0x1259d]
C  [ntdll.dll+0x5af58]


---------------  P R O C E S S  ---------------

Threads class SMR info:
_java_thread_list=0x0000015f734829a0, length=65, elements={
0x0000015f129d8870, 0x0000015f6a1c83b0, 0x0000015f14e2c710, 0x0000015f14e2e630,
0x0000015f6a1c95b0, 0x0000015f6a1ca4c0, 0x0000015f6a1ce980, 0x0000015f6a1cf8e0,
0x0000015f6bbf5f20, 0x0000015f6bc77fa0, 0x0000015f6bed86d0, 0x0000015f704ccb40,
0x0000015f703fd320, 0x0000015f703e3f60, 0x0000015f703ed140, 0x0000015f7079c860,
0x0000015f7050f4b0, 0x0000015f704d6ee0, 0x0000015f704d7570, 0x0000015f704d54a0,
0x0000015f704d4780, 0x0000015f704d40f0, 0x0000015f704d4e10, 0x0000015f704d61c0,
0x0000015f704d6850, 0x0000015f72c00270, 0x0000015f72bffbe0, 0x0000015f72bfeec0,
0x0000015f72bfe830, 0x0000015f72bff550, 0x0000015f72bfdb10, 0x0000015f72bfcdf0,
0x0000015f72bfd480, 0x0000015f72bfe1a0, 0x0000015f72b8d0a0, 0x0000015f72b8d730,
0x0000015f72b89c20, 0x0000015f72b87b50, 0x0000015f72b86e30, 0x0000015f72b88f00,
0x0000015f72b8ddc0, 0x0000015f72b881e0, 0x0000015f72b8e450, 0x0000015f72b88870,
0x0000015f72b89590, 0x0000015f72b8a2b0, 0x0000015f72b8a940, 0x0000015f72b8b660,
0x0000015f72b8afd0, 0x0000015f72b8bcf0, 0x0000015f72b8ca10, 0x0000015f72b874c0,
0x0000015f734a7180, 0x0000015f734a5740, 0x0000015f734a7ea0, 0x0000015f734a5dd0,
0x0000015f734a6af0, 0x0000015f734a4a20, 0x0000015f734a3d00, 0x0000015f734a1c30,
0x0000015f734a6460, 0x0000015f734a0f10, 0x0000015f734a50b0, 0x0000015f7160ced0,
0x0000015f734a8530
}

Java Threads: ( => current thread )
  0x0000015f129d8870 JavaThread "main"                              [_thread_blocked, id=13336, stack(0x00000052e1200000,0x00000052e1300000) (1024K)]
  0x0000015f6a1c83b0 JavaThread "Reference Handler"          daemon [_thread_blocked, id=2964, stack(0x00000052e1600000,0x00000052e1700000) (1024K)]
  0x0000015f14e2c710 JavaThread "Finalizer"                  daemon [_thread_blocked, id=15732, stack(0x00000052e1700000,0x00000052e1800000) (1024K)]
  0x0000015f14e2e630 JavaThread "Signal Dispatcher"          daemon [_thread_blocked, id=9540, stack(0x00000052e1800000,0x00000052e1900000) (1024K)]
  0x0000015f6a1c95b0 JavaThread "Attach Listener"            daemon [_thread_blocked, id=11816, stack(0x00000052e1900000,0x00000052e1a00000) (1024K)]
  0x0000015f6a1ca4c0 JavaThread "Service Thread"             daemon [_thread_blocked, id=14000, stack(0x00000052e1a00000,0x00000052e1b00000) (1024K)]
  0x0000015f6a1ce980 JavaThread "Monitor Deflation Thread"   daemon [_thread_blocked, id=2076, stack(0x00000052e1b00000,0x00000052e1c00000) (1024K)]
=>0x0000015f6a1cf8e0 JavaThread "C2 CompilerThread0"         daemon [_thread_in_native, id=2904, stack(0x00000052e1c00000,0x00000052e1d00000) (1024K)]
  0x0000015f6bbf5f20 JavaThread "C1 CompilerThread0"         daemon [_thread_blocked, id=26300, stack(0x00000052e1d00000,0x00000052e1e00000) (1024K)]
  0x0000015f6bc77fa0 JavaThread "Common-Cleaner"             daemon [_thread_blocked, id=26688, stack(0x00000052e1e00000,0x00000052e1f00000) (1024K)]
  0x0000015f6bed86d0 JavaThread "Notification Thread"        daemon [_thread_blocked, id=11692, stack(0x00000052e1f00000,0x00000052e2000000) (1024K)]
  0x0000015f704ccb40 JavaThread "Active Thread: Equinox Container: d626efd0-dc3f-4131-80d2-6f140821f4b1"        [_thread_blocked, id=27268, stack(0x00000052e2600000,0x00000052e2700000) (1024K)]
  0x0000015f703fd320 JavaThread "Refresh Thread: Equinox Container: d626efd0-dc3f-4131-80d2-6f140821f4b1" daemon [_thread_blocked, id=27428, stack(0x00000052e2800000,0x00000052e2900000) (1024K)]
  0x0000015f703e3f60 JavaThread "Framework Event Dispatcher: Equinox Container: d626efd0-dc3f-4131-80d2-6f140821f4b1" daemon [_thread_blocked, id=21364, stack(0x00000052e2900000,0x00000052e2a00000) (1024K)]
  0x0000015f703ed140 JavaThread "Start Level: Equinox Container: d626efd0-dc3f-4131-80d2-6f140821f4b1" daemon [_thread_blocked, id=27012, stack(0x00000052e2a00000,0x00000052e2b00000) (1024K)]
  0x0000015f7079c860 JavaThread "Bundle File Closer"         daemon [_thread_blocked, id=6068, stack(0x00000052e2b00000,0x00000052e2c00000) (1024K)]
  0x0000015f7050f4b0 JavaThread "SCR Component Actor"        daemon [_thread_blocked, id=27352, stack(0x00000052e2c00000,0x00000052e2d00000) (1024K)]
  0x0000015f704d6ee0 JavaThread "Worker-JM"                         [_thread_blocked, id=21928, stack(0x00000052e2e00000,0x00000052e2f00000) (1024K)]
  0x0000015f704d7570 JavaThread "JNA Cleaner"                daemon [_thread_blocked, id=18684, stack(0x00000052e2f00000,0x00000052e3000000) (1024K)]
  0x0000015f704d54a0 JavaThread "Worker-0"                          [_thread_blocked, id=24732, stack(0x00000052e3000000,0x00000052e3100000) (1024K)]
  0x0000015f704d4780 JavaThread "Worker-1"                          [_thread_blocked, id=24844, stack(0x00000052e3100000,0x00000052e3200000) (1024K)]
  0x0000015f704d40f0 JavaThread "Worker-2"                          [_thread_blocked, id=4624, stack(0x00000052e3200000,0x00000052e3300000) (1024K)]
  0x0000015f704d4e10 JavaThread "Worker-3"                          [_thread_blocked, id=26040, stack(0x00000052e3300000,0x00000052e3400000) (1024K)]
  0x0000015f704d61c0 JavaThread "Java indexing"              daemon [_thread_blocked, id=23556, stack(0x00000052e3400000,0x00000052e3500000) (1024K)]
  0x0000015f704d6850 JavaThread "Worker-4"                          [_thread_blocked, id=23980, stack(0x00000052e3500000,0x00000052e3600000) (1024K)]
  0x0000015f72c00270 JavaThread "Worker-5"                          [_thread_blocked, id=8028, stack(0x00000052e3600000,0x00000052e3700000) (1024K)]
  0x0000015f72bffbe0 JavaThread "Thread-2"                   daemon [_thread_in_native, id=18896, stack(0x00000052e3700000,0x00000052e3800000) (1024K)]
  0x0000015f72bfeec0 JavaThread "Thread-3"                   daemon [_thread_in_native, id=23944, stack(0x00000052e3800000,0x00000052e3900000) (1024K)]
  0x0000015f72bfe830 JavaThread "Thread-4"                   daemon [_thread_in_native, id=12476, stack(0x00000052e3900000,0x00000052e3a00000) (1024K)]
  0x0000015f72bff550 JavaThread "Thread-5"                   daemon [_thread_in_native, id=27588, stack(0x00000052e3a00000,0x00000052e3b00000) (1024K)]
  0x0000015f72bfdb10 JavaThread "Thread-6"                   daemon [_thread_in_native, id=2448, stack(0x00000052e3b00000,0x00000052e3c00000) (1024K)]
  0x0000015f72bfcdf0 JavaThread "Thread-7"                   daemon [_thread_in_native, id=17144, stack(0x00000052e3c00000,0x00000052e3d00000) (1024K)]
  0x0000015f72bfd480 JavaThread "Thread-8"                   daemon [_thread_in_native, id=476, stack(0x00000052e3d00000,0x00000052e3e00000) (1024K)]
  0x0000015f72bfe1a0 JavaThread "Thread-9"                   daemon [_thread_in_native, id=26496, stack(0x00000052e3e00000,0x00000052e3f00000) (1024K)]
  0x0000015f72b8d0a0 JavaThread "Thread-10"                  daemon [_thread_in_native, id=20316, stack(0x00000052e3f00000,0x00000052e4000000) (1024K)]
  0x0000015f72b8d730 JavaThread "pool-2-thread-1"                   [_thread_blocked, id=26824, stack(0x00000052e4000000,0x00000052e4100000) (1024K)]
  0x0000015f72b89c20 JavaThread "WorkspaceEventsHandler"            [_thread_blocked, id=27880, stack(0x00000052e1000000,0x00000052e1100000) (1024K)]
  0x0000015f72b87b50 JavaThread "pool-1-thread-1"                   [_thread_blocked, id=22716, stack(0x00000052e2d00000,0x00000052e2e00000) (1024K)]
  0x0000015f72b86e30 JavaThread "LocalFile Deleter"          daemon [_thread_blocked, id=19088, stack(0x00000052e4100000,0x00000052e4200000) (1024K)]
  0x0000015f72b88f00 JavaThread "LocalFile Deleter"          daemon [_thread_blocked, id=12248, stack(0x00000052e4200000,0x00000052e4300000) (1024K)]
  0x0000015f72b8ddc0 JavaThread "LocalFile Deleter"          daemon [_thread_blocked, id=16928, stack(0x00000052e4300000,0x00000052e4400000) (1024K)]
  0x0000015f72b881e0 JavaThread "LocalFile Deleter"          daemon [_thread_blocked, id=2416, stack(0x00000052e4400000,0x00000052e4500000) (1024K)]
  0x0000015f72b8e450 JavaThread "LocalFile Deleter"          daemon [_thread_blocked, id=20908, stack(0x00000052e4500000,0x00000052e4600000) (1024K)]
  0x0000015f72b88870 JavaThread "Compiler Source File Reader" daemon [_thread_blocked, id=20804, stack(0x00000052e4600000,0x00000052e4700000) (1024K)]
  0x0000015f72b89590 JavaThread "Compiler Source File Reader" daemon [_thread_blocked, id=2324, stack(0x00000052e4700000,0x00000052e4800000) (1024K)]
  0x0000015f72b8a2b0 JavaThread "Compiler Source File Reader" daemon [_thread_blocked, id=28464, stack(0x00000052e4800000,0x00000052e4900000) (1024K)]
  0x0000015f72b8a940 JavaThread "Compiler Source File Reader" daemon [_thread_blocked, id=22292, stack(0x00000052e4900000,0x00000052e4a00000) (1024K)]
  0x0000015f72b8b660 JavaThread "Compiler Source File Reader" daemon [_thread_blocked, id=12424, stack(0x00000052e4a00000,0x00000052e4b00000) (1024K)]
  0x0000015f72b8afd0 JavaThread "Compiler Source File Reader" daemon [_thread_blocked, id=13984, stack(0x00000052e4b00000,0x00000052e4c00000) (1024K)]
  0x0000015f72b8bcf0 JavaThread "Compiler Processing Task"   daemon [_thread_blocked, id=10752, stack(0x00000052e4c00000,0x00000052e4d00000) (1024K)]
  0x0000015f72b8ca10 JavaThread "Compiler Class File Writer" daemon [_thread_blocked, id=19336, stack(0x00000052e4d00000,0x00000052e4e00000) (1024K)]
  0x0000015f72b874c0 JavaThread "Compiler Class File Writer" daemon [_thread_blocked, id=14292, stack(0x00000052e4e00000,0x00000052e4f00000) (1024K)]
  0x0000015f734a7180 JavaThread "Compiler Class File Writer" daemon [_thread_blocked, id=19388, stack(0x00000052e4f00000,0x00000052e5000000) (1024K)]
  0x0000015f734a5740 JavaThread "Compiler Class File Writer" daemon [_thread_blocked, id=15176, stack(0x00000052e5000000,0x00000052e5100000) (1024K)]
  0x0000015f734a7ea0 JavaThread "Compiler Class File Writer" daemon [_thread_blocked, id=25772, stack(0x00000052e5100000,0x00000052e5200000) (1024K)]
  0x0000015f734a5dd0 JavaThread "Compiler Class File Writer" daemon [_thread_blocked, id=11864, stack(0x00000052e5200000,0x00000052e5300000) (1024K)]
  0x0000015f734a6af0 JavaThread "ForkJoinPool.commonPool-worker-1" daemon [_thread_blocked, id=12184, stack(0x00000052e5300000,0x00000052e5400000) (1024K)]
  0x0000015f734a4a20 JavaThread "ForkJoinPool.commonPool-worker-2" daemon [_thread_blocked, id=28188, stack(0x00000052e5400000,0x00000052e5500000) (1024K)]
  0x0000015f734a3d00 JavaThread "ForkJoinPool.commonPool-worker-3" daemon [_thread_blocked, id=5124, stack(0x00000052e5500000,0x00000052e5600000) (1024K)]
  0x0000015f734a1c30 JavaThread "ForkJoinPool.commonPool-worker-4" daemon [_thread_blocked, id=24820, stack(0x00000052e0f00000,0x00000052e1000000) (1024K)]
  0x0000015f734a6460 JavaThread "ForkJoinPool.commonPool-worker-5" daemon [_thread_blocked, id=25400, stack(0x00000052e1100000,0x00000052e1200000) (1024K)]
  0x0000015f734a0f10 JavaThread "ForkJoinPool.commonPool-worker-6" daemon [_thread_blocked, id=1452, stack(0x00000052e5800000,0x00000052e5900000) (1024K)]
  0x0000015f734a50b0 JavaThread "ForkJoinPool.commonPool-worker-7" daemon [_thread_blocked, id=9236, stack(0x00000052e5900000,0x00000052e5a00000) (1024K)]
  0x0000015f7160ced0 JavaThread "C2 CompilerThread1"         daemon [_thread_blocked, id=21652, stack(0x00000052e5a00000,0x00000052e5b00000) (1024K)]
  0x0000015f734a8530 JavaThread "Thread-11"                  daemon [_thread_blocked, id=15392, stack(0x00000052e5b00000,0x00000052e5c00000) (1024K)]
Total: 65

Other Threads:
  0x0000015f6a1c3490 VMThread "VM Thread"                           [id=28280, stack(0x00000052e1500000,0x00000052e1600000) (1024K)]
  0x0000015f14ddeca0 WatcherThread "VM Periodic Task Thread"        [id=15104, stack(0x00000052e1400000,0x00000052e1500000) (1024K)]
  0x0000015f14d92160 WorkerThread "GC Thread#0"                     [id=23256, stack(0x00000052e1300000,0x00000052e1400000) (1024K)]
  0x0000015f7018d170 WorkerThread "GC Thread#1"                     [id=17860, stack(0x00000052e2000000,0x00000052e2100000) (1024K)]
  0x0000015f7018d510 WorkerThread "GC Thread#2"                     [id=21252, stack(0x00000052e2100000,0x00000052e2200000) (1024K)]
  0x0000015f7045dbf0 WorkerThread "GC Thread#3"                     [id=26332, stack(0x00000052e2200000,0x00000052e2300000) (1024K)]
  0x0000015f7045df90 WorkerThread "GC Thread#4"                     [id=6816, stack(0x00000052e2300000,0x00000052e2400000) (1024K)]
  0x0000015f70181ab0 WorkerThread "GC Thread#5"                     [id=27540, stack(0x00000052e2400000,0x00000052e2500000) (1024K)]
  0x0000015f70181e50 WorkerThread "GC Thread#6"                     [id=28248, stack(0x00000052e2500000,0x00000052e2600000) (1024K)]
  0x0000015f703c5a80 WorkerThread "GC Thread#7"                     [id=19732, stack(0x00000052e2700000,0x00000052e2800000) (1024K)]
Total: 10

Threads with active compile tasks:
C2 CompilerThread0  75708 10337       4       org.eclipse.jdt.internal.compiler.lookup.BinaryTypeBinding::createMethod (1666 bytes)
C2 CompilerThread1  75708 10399   !   4       java.util.zip.InflaterInputStream::read (129 bytes)
Total: 2

VM state: at safepoint (normal execution)

VM Mutex/Monitor currently owned by a thread:  ([mutex/lock_event])
[0x00007ffb4cdde308] Threads_lock - owner thread: 0x0000015f6a1c3490
[0x00007ffb4cdde408] Heap_lock - owner thread: 0x0000015f734a8530

Heap address: 0x00000000c0000000, size: 1024 MB, Compressed Oops mode: 32-bit

CDS archive(s) mapped at: [0x0000015f29000000-0x0000015f29ba0000-0x0000015f29ba0000), size 12189696, SharedBaseAddress: 0x0000015f29000000, ArchiveRelocationMode: 1.
Compressed class space mapped at: 0x0000015f2a000000-0x0000015f6a000000, reserved size: 1073741824
Narrow klass base: 0x0000015f29000000, Narrow klass shift: 0, Narrow klass range: 0x100000000

GC Precious Log:
 CardTable entry size: 512
 CPUs: 8 total, 8 available
 Memory: 7859M
 Large Page Support: Disabled
 NUMA Support: Disabled
 Compressed Oops: Enabled (32-bit)
 Alignments: Space 512K, Generation 512K, Heap 2M
 Heap Min Capacity: 100M
 Heap Initial Capacity: 100M
 Heap Max Capacity: 1G
 Pre-touch: Disabled
 Parallel Workers: 8

Heap:
 PSYoungGen      total 5632K, used 0K [0x00000000eab00000, 0x00000000eb200000, 0x0000000100000000)
  eden space 5120K, 0% used [0x00000000eab00000,0x00000000eab00000,0x00000000eb000000)
  from space 512K, 0% used [0x00000000eb180000,0x00000000eb180000,0x00000000eb200000)
  to   space 512K, 0% used [0x00000000eb100000,0x00000000eb100000,0x00000000eb180000)
 ParOldGen       total 450560K, used 450226K [0x00000000c0000000, 0x00000000db800000, 0x00000000eab00000)
  object space 450560K, 99% used [0x00000000c0000000,0x00000000db7acb08,0x00000000db800000)
 Metaspace       used 63835K, committed 65344K, reserved 1114112K
  class space    used 6528K, committed 7232K, reserved 1048576K

Card table byte_map: [0x0000015f14740000,0x0000015f14950000] _byte_map_base: 0x0000015f14140000

Marking Bits: (ParMarkBitMap*) 0x00007ffb4cde31f0
 Begin Bits: [0x0000015f26f60000, 0x0000015f27f60000)
 End Bits:   [0x0000015f27f60000, 0x0000015f28f60000)

Polling page: 0x0000015f14530000

Metaspace:

Usage:
  Non-class:     55.96 MB used.
      Class:      6.38 MB used.
       Both:     62.34 MB used.

Virtual space:
  Non-class space:       64.00 MB reserved,      56.75 MB ( 89%) committed,  1 nodes.
      Class space:        1.00 GB reserved,       7.06 MB ( <1%) committed,  1 nodes.
             Both:        1.06 GB reserved,      63.81 MB (  6%) committed. 

Chunk freelists:
   Non-Class:  6.62 MB
       Class:  8.99 MB
        Both:  15.62 MB

MaxMetaspaceSize: unlimited
CompressedClassSpaceSize: 1.00 GB
Initial GC threshold: 21.00 MB
Current GC threshold: 97.31 MB
CDS: on
 - commit_granule_bytes: 65536.
 - commit_granule_words: 8192.
 - virtual_space_node_default_size: 8388608.
 - enlarge_chunks_in_place: 1.
 - use_allocation_guard: 0.


Internal statistics:

num_allocs_failed_limit: 9.
num_arena_births: 1092.
num_arena_deaths: 14.
num_vsnodes_births: 2.
num_vsnodes_deaths: 0.
num_space_committed: 1021.
num_space_uncommitted: 0.
num_chunks_returned_to_freelist: 23.
num_chunks_taken_from_freelist: 4064.
num_chunk_merges: 15.
num_chunk_splits: 2523.
num_chunks_enlarged: 1438.
num_inconsistent_stats: 0.

CodeHeap 'non-profiled nmethods': size=120000Kb used=6419Kb max_used=6419Kb free=113580Kb
 bounds [0x0000015f1fa30000, 0x0000015f20080000, 0x0000015f26f60000]
CodeHeap 'profiled nmethods': size=120000Kb used=20998Kb max_used=20998Kb free=99002Kb
 bounds [0x0000015f17f60000, 0x0000015f193f0000, 0x0000015f1f490000]
CodeHeap 'non-nmethods': size=5760Kb used=1452Kb max_used=1516Kb free=4307Kb
 bounds [0x0000015f1f490000, 0x0000015f1f700000, 0x0000015f1fa30000]
 total_blobs=10402 nmethods=9646 adapters=661
 compilation: enabled
              stopped_count=0, restarted_count=0
 full_count=0

Compilation events (20 events):
Event: 75.121 Thread 0x0000015f6bbf5f20 10446       2       org.eclipse.jdt.core.dom.ASTRecoveryPropagator::endVisitNode (382 bytes)
Event: 75.124 Thread 0x0000015f6bbf5f20 nmethod 10446 0x0000015f193deb90 code [0x0000015f193dede0, 0x0000015f193df6a8]
Event: 75.124 Thread 0x0000015f6bbf5f20 10452       1       org.eclipse.jdt.internal.compiler.lookup.AnnotationBinding::getAnnotationType (5 bytes)
Event: 75.124 Thread 0x0000015f6bbf5f20 nmethod 10452 0x0000015f20062c90 code [0x0000015f20062e20, 0x0000015f20062ee8]
Event: 75.124 Thread 0x0000015f6bbf5f20 10453       1       org.eclipse.jdt.internal.compiler.lookup.ReferenceBinding::sourceName (5 bytes)
Event: 75.125 Thread 0x0000015f6bbf5f20 nmethod 10453 0x0000015f20062f90 code [0x0000015f20063120, 0x0000015f200631e8]
Event: 75.125 Thread 0x0000015f6bbf5f20 10441       2       org.eclipse.jdt.core.dom.Type::<init> (6 bytes)
Event: 75.125 Thread 0x0000015f6bbf5f20 nmethod 10441 0x0000015f193dfe10 code [0x0000015f193dffc0, 0x0000015f193e00e0]
Event: 75.125 Thread 0x0000015f6bbf5f20 10448       1       org.eclipse.jdt.core.dom.DefaultCommentMapper$CommentMapperVisitor::visit (2 bytes)
Event: 75.125 Thread 0x0000015f6bbf5f20 nmethod 10448 0x0000015f20063290 code [0x0000015f20063420, 0x0000015f200634e8]
Event: 75.140 Thread 0x0000015f6bbf5f20 10454       2       java.util.LinkedList::listIterator (15 bytes)
Event: 75.535 Thread 0x0000015f6bbf5f20 nmethod 10454 0x0000015f193e0190 code [0x0000015f193e0360, 0x0000015f193e0638]
Event: 75.535 Thread 0x0000015f6bbf5f20 10455       2       java.util.LinkedList$ListItr::<init> (47 bytes)
Event: 75.536 Thread 0x0000015f6bbf5f20 nmethod 10455 0x0000015f193e0790 code [0x0000015f193e0940, 0x0000015f193e0af0]
Event: 75.536 Thread 0x0000015f6bbf5f20 10456       2       java.util.AbstractSequentialList::iterator (5 bytes)
Event: 75.537 Thread 0x0000015f6bbf5f20 nmethod 10456 0x0000015f193e0c10 code [0x0000015f193e0dc0, 0x0000015f193e0ef8]
Event: 75.547 Thread 0x0000015f6bbf5f20 10457       3       java.util.zip.InflaterInputStream::fill (60 bytes)
Event: 75.548 Thread 0x0000015f6bbf5f20 nmethod 10457 0x0000015f193e0f90 code [0x0000015f193e11a0, 0x0000015f193e1648]
Event: 75.550 Thread 0x0000015f7160ced0 nmethod 10248 0x0000015f20063590 code [0x0000015f20063e40, 0x0000015f2006ecf8]
Event: 75.551 Thread 0x0000015f7160ced0 10399   !   4       java.util.zip.InflaterInputStream::read (129 bytes)

GC Heap History (20 events):
Event: 73.679 GC heap before
{Heap before GC invocations=270 (full 3):
 PSYoungGen      total 7168K, used 6999K [0x00000000eab00000, 0x00000000eb600000, 0x0000000100000000)
  eden space 4096K, 100% used [0x00000000eab00000,0x00000000eaf00000,0x00000000eaf00000)
  from space 3072K, 94% used [0x00000000eb300000,0x00000000eb5d5da0,0x00000000eb600000)
  to   space 3584K, 0% used [0x00000000eaf00000,0x00000000eaf00000,0x00000000eb280000)
 ParOldGen       total 401920K, used 401677K [0x00000000c0000000, 0x00000000d8880000, 0x00000000eab00000)
  object space 401920K, 99% used [0x00000000c0000000,0x00000000d8843648,0x00000000d8880000)
 Metaspace       used 62027K, committed 63424K, reserved 1114112K
  class space    used 6337K, committed 6912K, reserved 1048576K
}
Event: 73.685 GC heap after
{Heap after GC invocations=270 (full 3):
 PSYoungGen      total 7680K, used 3582K [0x00000000eab00000, 0x00000000ebb00000, 0x0000000100000000)
  eden space 4096K, 0% used [0x00000000eab00000,0x00000000eab00000,0x00000000eaf00000)
  from space 3584K, 99% used [0x00000000eaf00000,0x00000000eb27fb48,0x00000000eb280000)
  to   space 5632K, 0% used [0x00000000eb580000,0x00000000eb580000,0x00000000ebb00000)
 ParOldGen       total 403456K, used 402949K [0x00000000c0000000, 0x00000000d8a00000, 0x00000000eab00000)
  object space 403456K, 99% used [0x00000000c0000000,0x00000000d8981648,0x00000000d8a00000)
 Metaspace       used 62027K, committed 63424K, reserved 1114112K
  class space    used 6337K, committed 6912K, reserved 1048576K
}
Event: 74.086 GC heap before
{Heap before GC invocations=271 (full 3):
 PSYoungGen      total 7680K, used 7678K [0x00000000eab00000, 0x00000000ebb00000, 0x0000000100000000)
  eden space 4096K, 100% used [0x00000000eab00000,0x00000000eaf00000,0x00000000eaf00000)
  from space 3584K, 99% used [0x00000000eaf00000,0x00000000eb27fb48,0x00000000eb280000)
  to   space 5632K, 0% used [0x00000000eb580000,0x00000000eb580000,0x00000000ebb00000)
 ParOldGen       total 403456K, used 402949K [0x00000000c0000000, 0x00000000d8a00000, 0x00000000eab00000)
  object space 403456K, 99% used [0x00000000c0000000,0x00000000d8981648,0x00000000d8a00000)
 Metaspace       used 62051K, committed 63424K, reserved 1114112K
  class space    used 6341K, committed 6912K, reserved 1048576K
}
Event: 74.097 GC heap after
{Heap after GC invocations=271 (full 3):
 PSYoungGen      total 6144K, used 1882K [0x00000000eab00000, 0x00000000eb780000, 0x0000000100000000)
  eden space 4096K, 0% used [0x00000000eab00000,0x00000000eab00000,0x00000000eaf00000)
  from space 2048K, 91% used [0x00000000eb580000,0x00000000eb756958,0x00000000eb780000)
  to   space 3072K, 0% used [0x00000000eb180000,0x00000000eb180000,0x00000000eb480000)
 ParOldGen       total 406016K, used 405851K [0x00000000c0000000, 0x00000000d8c80000, 0x00000000eab00000)
  object space 406016K, 99% used [0x00000000c0000000,0x00000000d8c56cd0,0x00000000d8c80000)
 Metaspace       used 62051K, committed 63424K, reserved 1114112K
  class space    used 6341K, committed 6912K, reserved 1048576K
}
Event: 74.334 GC heap before
{Heap before GC invocations=272 (full 3):
 PSYoungGen      total 6144K, used 5978K [0x00000000eab00000, 0x00000000eb780000, 0x0000000100000000)
  eden space 4096K, 100% used [0x00000000eab00000,0x00000000eaf00000,0x00000000eaf00000)
  from space 2048K, 91% used [0x00000000eb580000,0x00000000eb756958,0x00000000eb780000)
  to   space 3072K, 0% used [0x00000000eb180000,0x00000000eb180000,0x00000000eb480000)
 ParOldGen       total 406016K, used 405851K [0x00000000c0000000, 0x00000000d8c80000, 0x00000000eab00000)
  object space 406016K, 99% used [0x00000000c0000000,0x00000000d8c56cd0,0x00000000d8c80000)
 Metaspace       used 62141K, committed 63552K, reserved 1114112K
  class space    used 6354K, committed 6976K, reserved 1048576K
}
Event: 74.341 GC heap after
{Heap after GC invocations=272 (full 3):
 PSYoungGen      total 7168K, used 3053K [0x00000000eab00000, 0x00000000eba00000, 0x0000000100000000)
  eden space 4096K, 0% used [0x00000000eab00000,0x00000000eab00000,0x00000000eaf00000)
  from space 3072K, 99% used [0x00000000eb180000,0x00000000eb47b7e0,0x00000000eb480000)
  to   space 5632K, 0% used [0x00000000eb480000,0x00000000eb480000,0x00000000eba00000)
 ParOldGen       total 408064K, used 407589K [0x00000000c0000000, 0x00000000d8e80000, 0x00000000eab00000)
  object space 408064K, 99% used [0x00000000c0000000,0x00000000d8e09628,0x00000000d8e80000)
 Metaspace       used 62141K, committed 63552K, reserved 1114112K
  class space    used 6354K, committed 6976K, reserved 1048576K
}
Event: 74.489 GC heap before
{Heap before GC invocations=273 (full 3):
 PSYoungGen      total 7168K, used 7141K [0x00000000eab00000, 0x00000000eba00000, 0x0000000100000000)
  eden space 4096K, 99% used [0x00000000eab00000,0x00000000eaefdf10,0x00000000eaf00000)
  from space 3072K, 99% used [0x00000000eb180000,0x00000000eb47b7e0,0x00000000eb480000)
  to   space 5632K, 0% used [0x00000000eb480000,0x00000000eb480000,0x00000000eba00000)
 ParOldGen       total 408064K, used 407589K [0x00000000c0000000, 0x00000000d8e80000, 0x00000000eab00000)
  object space 408064K, 99% used [0x00000000c0000000,0x00000000d8e09628,0x00000000d8e80000)
 Metaspace       used 62441K, committed 63872K, reserved 1114112K
  class space    used 6388K, committed 6976K, reserved 1048576K
}
Event: 74.492 GC heap after
{Heap after GC invocations=273 (full 3):
 PSYoungGen      total 4608K, used 336K [0x00000000eab00000, 0x00000000eb500000, 0x0000000100000000)
  eden space 4096K, 0% used [0x00000000eab00000,0x00000000eab00000,0x00000000eaf00000)
  from space 512K, 65% used [0x00000000eb480000,0x00000000eb4d4030,0x00000000eb500000)
  to   space 2048K, 0% used [0x00000000eb100000,0x00000000eb100000,0x00000000eb300000)
 ParOldGen       total 408064K, used 407683K [0x00000000c0000000, 0x00000000d8e80000, 0x00000000eab00000)
  object space 408064K, 99% used [0x00000000c0000000,0x00000000d8e20fa8,0x00000000d8e80000)
 Metaspace       used 62441K, committed 63872K, reserved 1114112K
  class space    used 6388K, committed 6976K, reserved 1048576K
}
Event: 74.558 GC heap before
{Heap before GC invocations=274 (full 3):
 PSYoungGen      total 4608K, used 4432K [0x00000000eab00000, 0x00000000eb500000, 0x0000000100000000)
  eden space 4096K, 100% used [0x00000000eab00000,0x00000000eaf00000,0x00000000eaf00000)
  from space 512K, 65% used [0x00000000eb480000,0x00000000eb4d4030,0x00000000eb500000)
  to   space 2048K, 0% used [0x00000000eb100000,0x00000000eb100000,0x00000000eb300000)
 ParOldGen       total 408064K, used 407683K [0x00000000c0000000, 0x00000000d8e80000, 0x00000000eab00000)
  object space 408064K, 99% used [0x00000000c0000000,0x00000000d8e20fa8,0x00000000d8e80000)
 Metaspace       used 62764K, committed 64256K, reserved 1114112K
  class space    used 6414K, committed 7104K, reserved 1048576K
}
Event: 74.561 GC heap after
{Heap after GC invocations=274 (full 3):
 PSYoungGen      total 6144K, used 1607K [0x00000000eab00000, 0x00000000eb500000, 0x0000000100000000)
  eden space 4096K, 0% used [0x00000000eab00000,0x00000000eab00000,0x00000000eaf00000)
  from space 2048K, 78% used [0x00000000eb100000,0x00000000eb291f40,0x00000000eb300000)
  to   space 2048K, 0% used [0x00000000eb300000,0x00000000eb300000,0x00000000eb500000)
 ParOldGen       total 408064K, used 407859K [0x00000000c0000000, 0x00000000d8e80000, 0x00000000eab00000)
  object space 408064K, 99% used [0x00000000c0000000,0x00000000d8e4cfd8,0x00000000d8e80000)
 Metaspace       used 62764K, committed 64256K, reserved 1114112K
  class space    used 6414K, committed 7104K, reserved 1048576K
}
Event: 74.608 GC heap before
{Heap before GC invocations=275 (full 3):
 PSYoungGen      total 6144K, used 4565K [0x00000000eab00000, 0x00000000eb500000, 0x0000000100000000)
  eden space 4096K, 72% used [0x00000000eab00000,0x00000000eade36e8,0x00000000eaf00000)
  from space 2048K, 78% used [0x00000000eb100000,0x00000000eb291f40,0x00000000eb300000)
  to   space 2048K, 0% used [0x00000000eb300000,0x00000000eb300000,0x00000000eb500000)
 ParOldGen       total 408064K, used 407859K [0x00000000c0000000, 0x00000000d8e80000, 0x00000000eab00000)
  object space 408064K, 99% used [0x00000000c0000000,0x00000000d8e4cfd8,0x00000000d8e80000)
 Metaspace       used 63173K, committed 64704K, reserved 1114112K
  class space    used 6448K, committed 7104K, reserved 1048576K
}
Event: 74.615 GC heap after
{Heap after GC invocations=275 (full 3):
 PSYoungGen      total 5120K, used 836K [0x00000000eab00000, 0x00000000eb400000, 0x0000000100000000)
  eden space 4096K, 0% used [0x00000000eab00000,0x00000000eab00000,0x00000000eaf00000)
  from space 1024K, 81% used [0x00000000eb300000,0x00000000eb3d1268,0x00000000eb400000)
  to   space 1536K, 0% used [0x00000000eb100000,0x00000000eb100000,0x00000000eb280000)
 ParOldGen       total 409600K, used 409297K [0x00000000c0000000, 0x00000000d9000000, 0x00000000eab00000)
  object space 409600K, 99% used [0x00000000c0000000,0x00000000d8fb46e0,0x00000000d9000000)
 Metaspace       used 63173K, committed 64704K, reserved 1114112K
  class space    used 6448K, committed 7104K, reserved 1048576K
}
Event: 74.690 GC heap before
{Heap before GC invocations=276 (full 3):
 PSYoungGen      total 5120K, used 4932K [0x00000000eab00000, 0x00000000eb400000, 0x0000000100000000)
  eden space 4096K, 100% used [0x00000000eab00000,0x00000000eaf00000,0x00000000eaf00000)
  from space 1024K, 81% used [0x00000000eb300000,0x00000000eb3d1268,0x00000000eb400000)
  to   space 1536K, 0% used [0x00000000eb100000,0x00000000eb100000,0x00000000eb280000)
 ParOldGen       total 409600K, used 409297K [0x00000000c0000000, 0x00000000d9000000, 0x00000000eab00000)
  object space 409600K, 99% used [0x00000000c0000000,0x00000000d8fb46e0,0x00000000d9000000)
 Metaspace       used 63369K, committed 64896K, reserved 1114112K
  class space    used 6471K, committed 7168K, reserved 1048576K
}
Event: 74.695 GC heap after
{Heap after GC invocations=276 (full 3):
 PSYoungGen      total 5632K, used 1513K [0x00000000eab00000, 0x00000000eb500000, 0x0000000100000000)
  eden space 4096K, 0% used [0x00000000eab00000,0x00000000eab00000,0x00000000eaf00000)
  from space 1536K, 98% used [0x00000000eb100000,0x00000000eb27a790,0x00000000eb280000)
  to   space 2560K, 0% used [0x00000000eb280000,0x00000000eb280000,0x00000000eb500000)
 ParOldGen       total 410624K, used 410116K [0x00000000c0000000, 0x00000000d9100000, 0x00000000eab00000)
  object space 410624K, 99% used [0x00000000c0000000,0x00000000d9081250,0x00000000d9100000)
 Metaspace       used 63369K, committed 64896K, reserved 1114112K
  class space    used 6471K, committed 7168K, reserved 1048576K
}
Event: 74.825 GC heap before
{Heap before GC invocations=277 (full 3):
 PSYoungGen      total 5632K, used 5338K [0x00000000eab00000, 0x00000000eb500000, 0x0000000100000000)
  eden space 4096K, 93% used [0x00000000eab00000,0x00000000eaebc120,0x00000000eaf00000)
  from space 1536K, 98% used [0x00000000eb100000,0x00000000eb27a790,0x00000000eb280000)
  to   space 2560K, 0% used [0x00000000eb280000,0x00000000eb280000,0x00000000eb500000)
 ParOldGen       total 410624K, used 410116K [0x00000000c0000000, 0x00000000d9100000, 0x00000000eab00000)
  object space 410624K, 99% used [0x00000000c0000000,0x00000000d9081250,0x00000000d9100000)
 Metaspace       used 63463K, committed 64960K, reserved 1114112K
  class space    used 6482K, committed 7168K, reserved 1048576K
}
Event: 74.831 GC heap after
{Heap after GC invocations=277 (full 3):
 PSYoungGen      total 6656K, used 2201K [0x00000000eab00000, 0x00000000eb500000, 0x0000000100000000)
  eden space 4096K, 0% used [0x00000000eab00000,0x00000000eab00000,0x00000000eaf00000)
  from space 2560K, 85% used [0x00000000eb280000,0x00000000eb4a6510,0x00000000eb500000)
  to   space 2560K, 0% used [0x00000000eb000000,0x00000000eb000000,0x00000000eb280000)
 ParOldGen       total 410624K, used 410279K [0x00000000c0000000, 0x00000000d9100000, 0x00000000eab00000)
  object space 410624K, 99% used [0x00000000c0000000,0x00000000d90a9cb0,0x00000000d9100000)
 Metaspace       used 63463K, committed 64960K, reserved 1114112K
  class space    used 6482K, committed 7168K, reserved 1048576K
}
Event: 74.855 GC heap before
{Heap before GC invocations=278 (full 3):
 PSYoungGen      total 6656K, used 6297K [0x00000000eab00000, 0x00000000eb500000, 0x0000000100000000)
  eden space 4096K, 100% used [0x00000000eab00000,0x00000000eaf00000,0x00000000eaf00000)
  from space 2560K, 85% used [0x00000000eb280000,0x00000000eb4a6510,0x00000000eb500000)
  to   space 2560K, 0% used [0x00000000eb000000,0x00000000eb000000,0x00000000eb280000)
 ParOldGen       total 414720K, used 414109K [0x00000000c0000000, 0x00000000d9500000, 0x00000000eab00000)
  object space 414720K, 99% used [0x00000000c0000000,0x00000000d94674c0,0x00000000d9500000)
 Metaspace       used 63488K, committed 65024K, reserved 1114112K
  class space    used 6484K, committed 7168K, reserved 1048576K
}
Event: 74.860 GC heap after
{Heap after GC invocations=278 (full 3):
 PSYoungGen      total 4608K, used 432K [0x00000000eab00000, 0x00000000eb300000, 0x0000000100000000)
  eden space 4096K, 0% used [0x00000000eab00000,0x00000000eab00000,0x00000000eaf00000)
  from space 512K, 84% used [0x00000000eb000000,0x00000000eb06c010,0x00000000eb080000)
  to   space 1536K, 0% used [0x00000000eb180000,0x00000000eb180000,0x00000000eb300000)
 ParOldGen       total 416256K, used 415959K [0x00000000c0000000, 0x00000000d9680000, 0x00000000eab00000)
  object space 416256K, 99% used [0x00000000c0000000,0x00000000d9635c40,0x00000000d9680000)
 Metaspace       used 63488K, committed 65024K, reserved 1114112K
  class space    used 6484K, committed 7168K, reserved 1048576K
}
Event: 75.532 GC heap before
{Heap before GC invocations=279 (full 3):
 PSYoungGen      total 4608K, used 4527K [0x00000000eab00000, 0x00000000eb300000, 0x0000000100000000)
  eden space 4096K, 99% used [0x00000000eab00000,0x00000000eaeffea8,0x00000000eaf00000)
  from space 512K, 84% used [0x00000000eb000000,0x00000000eb06c010,0x00000000eb080000)
  to   space 1536K, 0% used [0x00000000eb180000,0x00000000eb180000,0x00000000eb300000)
 ParOldGen       total 439296K, used 438939K [0x00000000c0000000, 0x00000000dad00000, 0x00000000eab00000)
  object space 439296K, 99% used [0x00000000c0000000,0x00000000daca6c60,0x00000000dad00000)
 Metaspace       used 63735K, committed 65216K, reserved 1114112K
  class space    used 6514K, committed 7168K, reserved 1048576K
}
Event: 75.535 GC heap after
{Heap after GC invocations=279 (full 3):
 PSYoungGen      total 4608K, used 224K [0x00000000eab00000, 0x00000000eb200000, 0x0000000100000000)
  eden space 4096K, 0% used [0x00000000eab00000,0x00000000eab00000,0x00000000eaf00000)
  from space 512K, 43% used [0x00000000eb180000,0x00000000eb1b8000,0x00000000eb200000)
  to   space 512K, 0% used [0x00000000eb000000,0x00000000eb000000,0x00000000eb080000)
 ParOldGen       total 439296K, used 439067K [0x00000000c0000000, 0x00000000dad00000, 0x00000000eab00000)
  object space 439296K, 99% used [0x00000000c0000000,0x00000000dacc6c60,0x00000000dad00000)
 Metaspace       used 63735K, committed 65216K, reserved 1114112K
  class space    used 6514K, committed 7168K, reserved 1048576K
}

Dll operation events (10 events):
Event: 0.029 Loaded shared library c:\Users\PC\.vscode\extensions\redhat.java-1.42.0-win32-x64\jre\21.0.7-win32-x86_64\bin\java.dll
Event: 0.265 Loaded shared library c:\Users\PC\.vscode\extensions\redhat.java-1.42.0-win32-x64\jre\21.0.7-win32-x86_64\bin\zip.dll
Event: 0.362 Loaded shared library C:\Users\PC\.vscode\extensions\redhat.java-1.42.0-win32-x64\jre\21.0.7-win32-x86_64\bin\instrument.dll
Event: 0.376 Loaded shared library C:\Users\PC\.vscode\extensions\redhat.java-1.42.0-win32-x64\jre\21.0.7-win32-x86_64\bin\net.dll
Event: 0.381 Loaded shared library C:\Users\PC\.vscode\extensions\redhat.java-1.42.0-win32-x64\jre\21.0.7-win32-x86_64\bin\nio.dll
Event: 0.388 Loaded shared library C:\Users\PC\.vscode\extensions\redhat.java-1.42.0-win32-x64\jre\21.0.7-win32-x86_64\bin\zip.dll
Event: 0.428 Loaded shared library C:\Users\PC\.vscode\extensions\redhat.java-1.42.0-win32-x64\jre\21.0.7-win32-x86_64\bin\jimage.dll
Event: 0.601 Loaded shared library c:\Users\PC\.vscode\extensions\redhat.java-1.42.0-win32-x64\jre\21.0.7-win32-x86_64\bin\verify.dll
Event: 4.681 Loaded shared library C:\Users\PC\AppData\Roaming\Code\User\globalStorage\redhat.java\1.42.0\config_win\org.eclipse.equinox.launcher\org.eclipse.equinox.launcher.win32.win32.x86_64_1.2.1300.v20250331-1702\eclipse_11911.dll
Event: 21.964 Loaded shared library C:\Users\PC\AppData\Local\Temp\jna-2547\jna18408730561784788631.dll

Deoptimization events (20 events):
Event: 74.817 Thread 0x0000015f734a8530 DEOPT PACKING pc=0x0000015f1fb0cf70 sp=0x00000052e5bfeed0
Event: 74.817 Thread 0x0000015f734a8530 DEOPT UNPACKING pc=0x0000015f1f4e6da2 sp=0x00000052e5bfef20 mode 2
Event: 74.817 Thread 0x0000015f734a8530 Uncommon trap: trap_request=0xffffffbe fr.pc=0x0000015f1fb0cf70 relative=0x00000000000013d0
Event: 74.817 Thread 0x0000015f734a8530 Uncommon trap: reason=profile_predicate action=maybe_recompile pc=0x0000015f1fb0cf70 method=java.util.zip.InflaterInputStream.read([BII)I @ 37 c2
Event: 74.817 Thread 0x0000015f734a8530 DEOPT PACKING pc=0x0000015f1fb0cf70 sp=0x00000052e5bfeed0
Event: 74.817 Thread 0x0000015f734a8530 DEOPT UNPACKING pc=0x0000015f1f4e6da2 sp=0x00000052e5bfef20 mode 2
Event: 74.817 Thread 0x0000015f734a8530 Uncommon trap: trap_request=0xffffffbe fr.pc=0x0000015f1fb0cf70 relative=0x00000000000013d0
Event: 74.817 Thread 0x0000015f734a8530 Uncommon trap: reason=profile_predicate action=maybe_recompile pc=0x0000015f1fb0cf70 method=java.util.zip.InflaterInputStream.read([BII)I @ 37 c2
Event: 74.817 Thread 0x0000015f734a8530 DEOPT PACKING pc=0x0000015f1fb0cf70 sp=0x00000052e5bfeed0
Event: 74.822 Thread 0x0000015f734a8530 DEOPT UNPACKING pc=0x0000015f1f4e6da2 sp=0x00000052e5bfef20 mode 2
Event: 74.844 Thread 0x0000015f734a6460 Uncommon trap: trap_request=0xffffffbe fr.pc=0x0000015f1ff20098 relative=0x0000000000000578
Event: 74.844 Thread 0x0000015f734a6460 Uncommon trap: reason=profile_predicate action=maybe_recompile pc=0x0000015f1ff20098 method=org.eclipse.jdt.internal.compiler.util.SimpleLookupTable.put(Ljava/lang/Object;Ljava/lang/Object;)Ljava/lang/Object; @ 61 c2
Event: 74.844 Thread 0x0000015f734a6460 DEOPT PACKING pc=0x0000015f1ff20098 sp=0x00000052e11fd7e0
Event: 74.844 Thread 0x0000015f734a6460 DEOPT UNPACKING pc=0x0000015f1f4e6da2 sp=0x00000052e11fd780 mode 2
Event: 75.069 Thread 0x0000015f734a6460 DEOPT PACKING pc=0x0000015f19178474 sp=0x00000052e11fc500
Event: 75.069 Thread 0x0000015f734a6460 DEOPT UNPACKING pc=0x0000015f1f4e78e2 sp=0x00000052e11fb9e8 mode 0
Event: 75.103 Thread 0x0000015f734a6460 Uncommon trap: trap_request=0xffffffbe fr.pc=0x0000015f1ff20098 relative=0x0000000000000578
Event: 75.103 Thread 0x0000015f734a6460 Uncommon trap: reason=profile_predicate action=maybe_recompile pc=0x0000015f1ff20098 method=org.eclipse.jdt.internal.compiler.util.SimpleLookupTable.put(Ljava/lang/Object;Ljava/lang/Object;)Ljava/lang/Object; @ 61 c2
Event: 75.103 Thread 0x0000015f734a6460 DEOPT PACKING pc=0x0000015f1ff20098 sp=0x00000052e11fd610
Event: 75.103 Thread 0x0000015f734a6460 DEOPT UNPACKING pc=0x0000015f1f4e6da2 sp=0x00000052e11fd5b0 mode 2

Classes loaded (20 events):
Event: 74.604 Loading class com/sun/crypto/provider/SymmetricCipher done
Event: 74.605 Loading class com/sun/crypto/provider/AESCrypt done
Event: 74.605 Loading class com/sun/crypto/provider/ElectronicCodeBook
Event: 74.606 Loading class com/sun/crypto/provider/FeedbackCipher
Event: 74.606 Loading class com/sun/crypto/provider/FeedbackCipher done
Event: 74.606 Loading class com/sun/crypto/provider/ElectronicCodeBook done
Event: 74.606 Loading class com/sun/crypto/provider/PKCS5Padding
Event: 74.607 Loading class com/sun/crypto/provider/Padding
Event: 74.607 Loading class com/sun/crypto/provider/Padding done
Event: 74.607 Loading class com/sun/crypto/provider/PKCS5Padding done
Event: 74.607 Loading class com/sun/crypto/provider/CipherBlockChaining
Event: 74.607 Loading class com/sun/crypto/provider/CipherBlockChaining done
Event: 74.608 Loading class javax/crypto/NullCipher
Event: 74.608 Loading class javax/crypto/NullCipher done
Event: 74.616 Loading class sun/security/util/ArrayUtil
Event: 74.619 Loading class sun/security/util/ArrayUtil done
Event: 74.766 Loading class java/util/zip/CheckedInputStream
Event: 74.815 Loading class java/util/zip/CheckedInputStream done
Event: 75.568 Loading class java/util/zip/GZIPInputStream$1
Event: 75.568 Loading class java/util/zip/GZIPInputStream$1 done

Classes unloaded (7 events):
Event: 24.363 Thread 0x0000015f6a1c3490 Unloading class 0x0000015f2a1a4400 'java/lang/invoke/LambdaForm$MH+0x0000015f2a1a4400'
Event: 24.363 Thread 0x0000015f6a1c3490 Unloading class 0x0000015f2a1a4000 'java/lang/invoke/LambdaForm$MH+0x0000015f2a1a4000'
Event: 24.363 Thread 0x0000015f6a1c3490 Unloading class 0x0000015f2a1a3c00 'java/lang/invoke/LambdaForm$MH+0x0000015f2a1a3c00'
Event: 24.363 Thread 0x0000015f6a1c3490 Unloading class 0x0000015f2a1a3800 'java/lang/invoke/LambdaForm$MH+0x0000015f2a1a3800'
Event: 24.363 Thread 0x0000015f6a1c3490 Unloading class 0x0000015f2a1a3400 'java/lang/invoke/LambdaForm$BMH+0x0000015f2a1a3400'
Event: 24.363 Thread 0x0000015f6a1c3490 Unloading class 0x0000015f2a1a3000 'java/lang/invoke/LambdaForm$DMH+0x0000015f2a1a3000'
Event: 24.363 Thread 0x0000015f6a1c3490 Unloading class 0x0000015f2a1a1c00 'java/lang/invoke/LambdaForm$DMH+0x0000015f2a1a1c00'

Classes redefined (0 events):
No events

Internal exceptions (20 events):
Event: 54.127 Thread 0x0000015f704d54a0 Exception <a 'sun/nio/fs/WindowsException'{0x00000000ead7d370}> (0x00000000ead7d370) 
thrown [s\src\hotspot\share\prims\jni.cpp, line 520]
Event: 54.127 Thread 0x0000015f704d54a0 Exception <a 'sun/nio/fs/WindowsException'{0x00000000ead7d9a0}> (0x00000000ead7d9a0) 
thrown [s\src\hotspot\share\prims\jni.cpp, line 520]
Event: 54.134 Thread 0x0000015f704d54a0 Exception <a 'sun/nio/fs/WindowsException'{0x00000000ead7e608}> (0x00000000ead7e608) 
thrown [s\src\hotspot\share\prims\jni.cpp, line 520]
Event: 54.135 Thread 0x0000015f704d54a0 Exception <a 'sun/nio/fs/WindowsException'{0x00000000ead7ee88}> (0x00000000ead7ee88) 
thrown [s\src\hotspot\share\prims\jni.cpp, line 520]
Event: 54.136 Thread 0x0000015f704d54a0 Exception <a 'sun/nio/fs/WindowsException'{0x00000000ead801d8}> (0x00000000ead801d8) 
thrown [s\src\hotspot\share\prims\jni.cpp, line 520]
Event: 54.136 Thread 0x0000015f704d54a0 Exception <a 'sun/nio/fs/WindowsException'{0x00000000ead80808}> (0x00000000ead80808) 
thrown [s\src\hotspot\share\prims\jni.cpp, line 520]
Event: 54.257 Thread 0x0000015f72b87b50 Exception <a 'java/lang/IncompatibleClassChangeError'{0x00000000eaf69908}: Found class java.lang.Object, but interface was expected> (0x00000000eaf69908) 
thrown [s\src\hotspot\share\interpreter\linkResolver.cpp, line 840]
Event: 54.607 Thread 0x0000015f704d54a0 Exception <a 'java/lang/NoSuchMethodError'{0x00000000eabc5c28}: 'java.lang.Object java.lang.invoke.DirectMethodHandle$Holder.invokeStatic(java.lang.Object, java.lang.Object, int, java.lang.Object)'> (0x00000000eabc5c28) 
thrown [s\src\hotspot\share\interpreter\linkResolver.cpp, line 773]
Event: 54.608 Thread 0x0000015f704d54a0 Exception <a 'java/lang/NoSuchMethodError'{0x00000000eabfdb50}: 'java.lang.Object java.lang.invoke.DirectMethodHandle$Holder.newInvokeSpecial(java.lang.Object, java.lang.Object, int)'> (0x00000000eabfdb50) 
thrown [s\src\hotspot\share\interpreter\linkResolver.cpp, line 773]
Event: 54.623 Thread 0x0000015f72c00270 Implicit null exception at 0x0000015f1fd49c55 to 0x0000015f1fd49e1c
Event: 73.099 Thread 0x0000015f704d61c0 Exception <a 'sun/nio/fs/WindowsException'{0x00000000eab86cb0}> (0x00000000eab86cb0) 
thrown [s\src\hotspot\share\prims\jni.cpp, line 520]
Event: 74.170 Thread 0x0000015f72b87b50 Exception <a 'java/lang/IncompatibleClassChangeError'{0x00000000eab4b100}: Found class java.lang.Object, but interface was expected> (0x00000000eab4b100) 
thrown [s\src\hotspot\share\interpreter\linkResolver.cpp, line 840]
Event: 74.368 Thread 0x0000015f734a3d00 Exception <a 'java/lang/NoSuchMethodError'{0x00000000eac58f58}: 'java.lang.Object java.lang.invoke.DirectMethodHandle$Holder.invokeSpecial(java.lang.Object, java.lang.Object, java.lang.Object, java.lang.Object, int, java.lang.Object, java.lang.Object)'> (0x00000000eac58f58) 
thrown [s\src\hotspot\share\interpreter\linkResolver.cpp, line 773]
Event: 74.394 Thread 0x0000015f734a6af0 Exception <a 'sun/nio/fs/WindowsException'{0x00000000eada0de8}> (0x00000000eada0de8) 
thrown [s\src\hotspot\share\prims\jni.cpp, line 520]
Event: 74.394 Thread 0x0000015f734a6af0 Exception <a 'sun/nio/fs/WindowsException'{0x00000000eada16c8}> (0x00000000eada16c8) 
thrown [s\src\hotspot\share\prims\jni.cpp, line 520]
Event: 74.395 Thread 0x0000015f734a6af0 Exception <a 'sun/nio/fs/WindowsException'{0x00000000eada25f8}> (0x00000000eada25f8) 
thrown [s\src\hotspot\share\prims\jni.cpp, line 520]
Event: 74.395 Thread 0x0000015f734a6af0 Exception <a 'sun/nio/fs/WindowsException'{0x00000000eada2ed8}> (0x00000000eada2ed8) 
thrown [s\src\hotspot\share\prims\jni.cpp, line 520]
Event: 74.397 Thread 0x0000015f734a6af0 Exception <a 'sun/nio/fs/WindowsException'{0x00000000eadb4350}> (0x00000000eadb4350) 
thrown [s\src\hotspot\share\prims\jni.cpp, line 520]
Event: 74.397 Thread 0x0000015f734a6af0 Exception <a 'sun/nio/fs/WindowsException'{0x00000000eadb4c30}> (0x00000000eadb4c30) 
thrown [s\src\hotspot\share\prims\jni.cpp, line 520]
Event: 74.582 Thread 0x0000015f734a8530 Exception <a 'sun/nio/fs/WindowsException'{0x00000000eac6f858}> (0x00000000eac6f858) 
thrown [s\src\hotspot\share\prims\jni.cpp, line 520]

ZGC Phase Switch (0 events):
No events

VM Operations (20 events):
Event: 74.461 Executing VM operation: ParallelGCFailedAllocation (Allocation Failure)
Event: 74.492 Executing VM operation: ParallelGCFailedAllocation (Allocation Failure) done
Event: 74.495 Executing VM operation: HandshakeAllThreads (Deoptimize)
Event: 74.496 Executing VM operation: HandshakeAllThreads (Deoptimize) done
Event: 74.545 Executing VM operation: HandshakeAllThreads (Deoptimize)
Event: 74.545 Executing VM operation: HandshakeAllThreads (Deoptimize) done
Event: 74.558 Executing VM operation: ParallelGCFailedAllocation (Allocation Failure)
Event: 74.561 Executing VM operation: ParallelGCFailedAllocation (Allocation Failure) done
Event: 74.586 Executing VM operation: HandshakeAllThreads (Deoptimize)
Event: 74.586 Executing VM operation: HandshakeAllThreads (Deoptimize) done
Event: 74.608 Executing VM operation: ParallelGCFailedAllocation (Allocation Failure)
Event: 74.615 Executing VM operation: ParallelGCFailedAllocation (Allocation Failure) done
Event: 74.678 Executing VM operation: ParallelGCFailedAllocation (Allocation Failure)
Event: 74.695 Executing VM operation: ParallelGCFailedAllocation (Allocation Failure) done
Event: 74.825 Executing VM operation: ParallelGCFailedAllocation (Allocation Failure)
Event: 74.831 Executing VM operation: ParallelGCFailedAllocation (Allocation Failure) done
Event: 74.854 Executing VM operation: ParallelGCFailedAllocation (Allocation Failure)
Event: 74.860 Executing VM operation: ParallelGCFailedAllocation (Allocation Failure) done
Event: 75.140 Executing VM operation: ParallelGCFailedAllocation (Allocation Failure)
Event: 75.535 Executing VM operation: ParallelGCFailedAllocation (Allocation Failure) done

Memory protections (0 events):
No events

Nmethod flushes (20 events):
Event: 52.760 Thread 0x0000015f6a1c3490 flushing  nmethod 0x0000015f18861490
Event: 52.760 Thread 0x0000015f6a1c3490 flushing  nmethod 0x0000015f18861d10
Event: 52.760 Thread 0x0000015f6a1c3490 flushing  nmethod 0x0000015f18862a90
Event: 52.760 Thread 0x0000015f6a1c3490 flushing  nmethod 0x0000015f18864990
Event: 52.760 Thread 0x0000015f6a1c3490 flushing osr nmethod 0x0000015f1886fd90
Event: 52.760 Thread 0x0000015f6a1c3490 flushing  nmethod 0x0000015f18875010
Event: 52.760 Thread 0x0000015f6a1c3490 flushing osr nmethod 0x0000015f18878290
Event: 52.760 Thread 0x0000015f6a1c3490 flushing  nmethod 0x0000015f18879b10
Event: 52.760 Thread 0x0000015f6a1c3490 flushing  nmethod 0x0000015f1887fe90
Event: 52.760 Thread 0x0000015f6a1c3490 flushing  nmethod 0x0000015f188bed10
Event: 52.760 Thread 0x0000015f6a1c3490 flushing  nmethod 0x0000015f188c2510
Event: 52.760 Thread 0x0000015f6a1c3490 flushing osr nmethod 0x0000015f188c9910
Event: 52.760 Thread 0x0000015f6a1c3490 flushing  nmethod 0x0000015f188e3710
Event: 52.760 Thread 0x0000015f6a1c3490 flushing  nmethod 0x0000015f188ff710
Event: 52.760 Thread 0x0000015f6a1c3490 flushing  nmethod 0x0000015f18941f10
Event: 52.760 Thread 0x0000015f6a1c3490 flushing  nmethod 0x0000015f18943790
Event: 52.760 Thread 0x0000015f6a1c3490 flushing  nmethod 0x0000015f18943d90
Event: 52.760 Thread 0x0000015f6a1c3490 flushing  nmethod 0x0000015f18944610
Event: 52.760 Thread 0x0000015f6a1c3490 flushing  nmethod 0x0000015f18948a10
Event: 52.760 Thread 0x0000015f6a1c3490 flushing  nmethod 0x0000015f1895ed90

Events (20 events):
Event: 47.453 Thread 0x0000015f704d6850 Thread added: 0x0000015f72b8a2b0
Event: 47.456 Thread 0x0000015f704d6850 Thread added: 0x0000015f72b8a940
Event: 47.458 Thread 0x0000015f704d6850 Thread added: 0x0000015f72b8b660
Event: 47.462 Thread 0x0000015f704d6850 Thread added: 0x0000015f72b8afd0
Event: 50.107 Thread 0x0000015f704d6850 Thread added: 0x0000015f72b8bcf0
Event: 50.503 Thread 0x0000015f704d6850 Thread added: 0x0000015f72b8ca10
Event: 50.572 Thread 0x0000015f704d6850 Thread added: 0x0000015f72b874c0
Event: 50.575 Thread 0x0000015f704d6850 Thread added: 0x0000015f734a7180
Event: 50.577 Thread 0x0000015f704d6850 Thread added: 0x0000015f734a5740
Event: 50.583 Thread 0x0000015f704d6850 Thread added: 0x0000015f734a7ea0
Event: 50.586 Thread 0x0000015f704d6850 Thread added: 0x0000015f734a5dd0
Event: 53.313 Thread 0x0000015f72b87b50 Thread added: 0x0000015f734a6af0
Event: 54.178 Thread 0x0000015f72b87b50 Thread added: 0x0000015f734a4a20
Event: 54.282 Thread 0x0000015f734a4a20 Thread added: 0x0000015f734a3d00
Event: 73.965 Thread 0x0000015f734a3d00 Thread added: 0x0000015f734a1c30
Event: 74.030 Thread 0x0000015f734a1c30 Thread added: 0x0000015f734a6460
Event: 74.070 Thread 0x0000015f734a6460 Thread added: 0x0000015f734a0f10
Event: 74.102 Thread 0x0000015f734a0f10 Thread added: 0x0000015f734a50b0
Event: 74.361 Thread 0x0000015f6bbf5f20 Thread added: 0x0000015f7160ced0
Event: 74.440 Thread 0x0000015f734a4a20 Thread added: 0x0000015f734a8530


Dynamic libraries:
0x00007ff7e4eb0000 - 0x00007ff7e4ebe000 	c:\Users\PC\.vscode\extensions\redhat.java-1.42.0-win32-x64\jre\21.0.7-win32-x86_64\bin\java.exe
0x00007ffbb7a70000 - 0x00007ffbb7c87000 	C:\WINDOWS\SYSTEM32\ntdll.dll
0x00007ffb747d0000 - 0x00007ffb747eb000 	C:\Program Files\Avast Software\Avast\aswhook.dll
0x00007ffbb6e00000 - 0x00007ffbb6ec4000 	C:\WINDOWS\System32\KERNEL32.DLL
0x00007ffbb4f60000 - 0x00007ffbb5333000 	C:\WINDOWS\System32\KERNELBASE.dll
0x00007ffbb55e0000 - 0x00007ffbb56f1000 	C:\WINDOWS\System32\ucrtbase.dll
0x00007ffb93970000 - 0x00007ffb93988000 	c:\Users\PC\.vscode\extensions\redhat.java-1.42.0-win32-x64\jre\21.0.7-win32-x86_64\bin\jli.dll
0x00007ffbb71a0000 - 0x00007ffbb7351000 	C:\WINDOWS\System32\USER32.dll
0x00007ffbb4f30000 - 0x00007ffbb4f56000 	C:\WINDOWS\System32\win32u.dll
0x00007ffbb6d20000 - 0x00007ffbb6d49000 	C:\WINDOWS\System32\GDI32.dll
0x00007ffbb53c0000 - 0x00007ffbb54e2000 	C:\WINDOWS\System32\gdi32full.dll
0x00007ffbb4cd0000 - 0x00007ffbb4d6a000 	C:\WINDOWS\System32\msvcp_win.dll
0x00007ffb917b0000 - 0x00007ffb917ce000 	c:\Users\PC\.vscode\extensions\redhat.java-1.42.0-win32-x64\jre\21.0.7-win32-x86_64\bin\VCRUNTIME140.dll
0x00007ffb985e0000 - 0x00007ffb9887b000 	C:\WINDOWS\WinSxS\amd64_microsoft.windows.common-controls_6595b64144ccf1df_6.0.22621.5262_none_2712bde373830908\COMCTL32.dll
0x00007ffbb6c70000 - 0x00007ffbb6d17000 	C:\WINDOWS\System32\msvcrt.dll
0x00007ffbb6800000 - 0x00007ffbb6831000 	C:\WINDOWS\System32\IMM32.DLL
0x00007ffb96240000 - 0x00007ffb9624c000 	c:\Users\PC\.vscode\extensions\redhat.java-1.42.0-win32-x64\jre\21.0.7-win32-x86_64\bin\vcruntime140_1.dll
0x00007ffb68ad0000 - 0x00007ffb68b5d000 	c:\Users\PC\.vscode\extensions\redhat.java-1.42.0-win32-x64\jre\21.0.7-win32-x86_64\bin\msvcp140.dll
0x00007ffb4c130000 - 0x00007ffb4cec0000 	c:\Users\PC\.vscode\extensions\redhat.java-1.42.0-win32-x64\jre\21.0.7-win32-x86_64\bin\server\jvm.dll
0x00007ffbb6740000 - 0x00007ffbb67f1000 	C:\WINDOWS\System32\ADVAPI32.dll
0x00007ffbb70f0000 - 0x00007ffbb7197000 	C:\WINDOWS\System32\sechost.dll
0x00007ffbb54f0000 - 0x00007ffbb5518000 	C:\WINDOWS\System32\bcrypt.dll
0x00007ffbb5c70000 - 0x00007ffbb5d84000 	C:\WINDOWS\System32\RPCRT4.dll
0x00007ffbb5700000 - 0x00007ffbb5771000 	C:\WINDOWS\System32\WS2_32.dll
0x00007ffbb4880000 - 0x00007ffbb48cd000 	C:\WINDOWS\SYSTEM32\POWRPROF.dll
0x00007ffbb0510000 - 0x00007ffbb051a000 	C:\WINDOWS\SYSTEM32\VERSION.dll
0x00007ffbb00b0000 - 0x00007ffbb00e4000 	C:\WINDOWS\SYSTEM32\WINMM.dll
0x00007ffbb4860000 - 0x00007ffbb4873000 	C:\WINDOWS\SYSTEM32\UMPDC.dll
0x00007ffbb3ba0000 - 0x00007ffbb3bb8000 	C:\WINDOWS\SYSTEM32\kernel.appcore.dll
0x00007ffb960b0000 - 0x00007ffb960ba000 	c:\Users\PC\.vscode\extensions\redhat.java-1.42.0-win32-x64\jre\21.0.7-win32-x86_64\bin\jimage.dll
0x00007ffbb1bb0000 - 0x00007ffbb1de2000 	C:\WINDOWS\SYSTEM32\DBGHELP.DLL
0x00007ffbb7560000 - 0x00007ffbb78f3000 	C:\WINDOWS\System32\combase.dll
0x00007ffbb6a10000 - 0x00007ffbb6ae7000 	C:\WINDOWS\System32\OLEAUT32.dll
0x00007ffba8730000 - 0x00007ffba8762000 	C:\WINDOWS\SYSTEM32\dbgcore.DLL
0x00007ffbb5340000 - 0x00007ffbb53bb000 	C:\WINDOWS\System32\bcryptPrimitives.dll
0x00007ffb95480000 - 0x00007ffb9548f000 	c:\Users\PC\.vscode\extensions\redhat.java-1.42.0-win32-x64\jre\21.0.7-win32-x86_64\bin\instrument.dll
0x00007ffb91790000 - 0x00007ffb917af000 	c:\Users\PC\.vscode\extensions\redhat.java-1.42.0-win32-x64\jre\21.0.7-win32-x86_64\bin\java.dll
0x00007ffbb5e10000 - 0x00007ffbb66ad000 	C:\WINDOWS\System32\SHELL32.dll
0x00007ffbb4df0000 - 0x00007ffbb4f2f000 	C:\WINDOWS\System32\wintypes.dll
0x00007ffbb2aa0000 - 0x00007ffbb33bd000 	C:\WINDOWS\SYSTEM32\windows.storage.dll
0x00007ffbb7920000 - 0x00007ffbb7a2b000 	C:\WINDOWS\System32\SHCORE.dll
0x00007ffbb6ee0000 - 0x00007ffbb6f46000 	C:\WINDOWS\System32\shlwapi.dll
0x00007ffbb4a90000 - 0x00007ffbb4abb000 	C:\WINDOWS\SYSTEM32\profapi.dll
0x00007ffb910b0000 - 0x00007ffb910c8000 	c:\Users\PC\.vscode\extensions\redhat.java-1.42.0-win32-x64\jre\21.0.7-win32-x86_64\bin\zip.dll
0x00007ffb953e0000 - 0x00007ffb953f0000 	C:\Users\PC\.vscode\extensions\redhat.java-1.42.0-win32-x64\jre\21.0.7-win32-x86_64\bin\net.dll
0x00007ffbb13f0000 - 0x00007ffbb151c000 	C:\WINDOWS\SYSTEM32\WINHTTP.dll
0x00007ffbb4020000 - 0x00007ffbb408a000 	C:\WINDOWS\system32\mswsock.dll
0x00007ffb8a6e0000 - 0x00007ffb8a6f6000 	C:\Users\PC\.vscode\extensions\redhat.java-1.42.0-win32-x64\jre\21.0.7-win32-x86_64\bin\nio.dll
0x00007ffb93960000 - 0x00007ffb93970000 	c:\Users\PC\.vscode\extensions\redhat.java-1.42.0-win32-x64\jre\21.0.7-win32-x86_64\bin\verify.dll
0x00007ffb68440000 - 0x00007ffb68485000 	C:\Users\PC\AppData\Roaming\Code\User\globalStorage\redhat.java\1.42.0\config_win\org.eclipse.equinox.launcher\org.eclipse.equinox.launcher.win32.win32.x86_64_1.2.1300.v20250331-1702\eclipse_11911.dll
0x00007ffbb7360000 - 0x00007ffbb7501000 	C:\WINDOWS\System32\ole32.dll
0x00007ffbb4280000 - 0x00007ffbb429b000 	C:\WINDOWS\SYSTEM32\CRYPTSP.dll
0x00007ffbb3b00000 - 0x00007ffbb3b37000 	C:\WINDOWS\system32\rsaenh.dll
0x00007ffbb4110000 - 0x00007ffbb4138000 	C:\WINDOWS\SYSTEM32\USERENV.dll
0x00007ffbb4270000 - 0x00007ffbb427c000 	C:\WINDOWS\SYSTEM32\CRYPTBASE.dll
0x00007ffbb36b0000 - 0x00007ffbb36dd000 	C:\WINDOWS\SYSTEM32\IPHLPAPI.DLL
0x00007ffbb6fd0000 - 0x00007ffbb6fd9000 	C:\WINDOWS\System32\NSI.dll
0x00007ffb684d0000 - 0x00007ffb68519000 	C:\Users\PC\AppData\Local\Temp\jna-2547\jna18408730561784788631.dll
0x00007ffbb5d90000 - 0x00007ffbb5d98000 	C:\WINDOWS\System32\PSAPI.DLL
0x00007ffbb0490000 - 0x00007ffbb04a9000 	C:\WINDOWS\SYSTEM32\dhcpcsvc6.DLL
0x00007ffbb0470000 - 0x00007ffbb048f000 	C:\WINDOWS\SYSTEM32\dhcpcsvc.DLL

dbghelp: loaded successfully - version: 4.0.5 - missing functions: none
symbol engine: initialized successfully - sym options: 0x614 - pdb path: .;c:\Users\PC\.vscode\extensions\redhat.java-1.42.0-win32-x64\jre\21.0.7-win32-x86_64\bin;C:\WINDOWS\SYSTEM32;C:\Program Files\Avast Software\Avast;C:\WINDOWS\WinSxS\amd64_microsoft.windows.common-controls_6595b64144ccf1df_6.0.22621.5262_none_2712bde373830908;c:\Users\PC\.vscode\extensions\redhat.java-1.42.0-win32-x64\jre\21.0.7-win32-x86_64\bin\server;C:\Users\PC\AppData\Roaming\Code\User\globalStorage\redhat.java\1.42.0\config_win\org.eclipse.equinox.launcher\org.eclipse.equinox.launcher.win32.win32.x86_64_1.2.1300.v20250331-1702;C:\Users\PC\AppData\Local\Temp\jna-2547

VM Arguments:
jvm_args: --add-modules=ALL-SYSTEM --add-opens=java.base/java.util=ALL-UNNAMED --add-opens=java.base/java.lang=ALL-UNNAMED --add-opens=java.base/sun.nio.fs=ALL-UNNAMED -Declipse.application=org.eclipse.jdt.ls.core.id1 -Dosgi.bundles.defaultStartLevel=4 -Declipse.product=org.eclipse.jdt.ls.core.product -Djava.import.generatesMetadataFilesAtProjectRoot=false -DDetectVMInstallationsJob.disabled=true -Dfile.encoding=utf8 -XX:+UseParallelGC -XX:GCTimeRatio=4 -XX:AdaptiveSizePolicyWeight=90 -Dsun.zip.disableMemoryMapping=true -Xmx1G -Xms100m -Xlog:disable -javaagent:c:\Users\PC\.vscode\extensions\redhat.java-1.42.0-win32-x64\lombok\lombok-1.18.36.jar -XX:+HeapDumpOnOutOfMemoryError -XX:HeapDumpPath=c:\Users\PC\AppData\Roaming\Code\User\workspaceStorage\a707a5db53e71f9ab3331907ae8207c0\redhat.java -Daether.dependencyCollector.impl=bf 
java_command: c:\Users\PC\.vscode\extensions\redhat.java-1.42.0-win32-x64\server\plugins\org.eclipse.equinox.launcher_1.7.0.v20250424-1814.jar -configuration c:\Users\PC\AppData\Roaming\Code\User\globalStorage\redhat.java\1.42.0\config_win -data c:\Users\PC\AppData\Roaming\Code\User\workspaceStorage\a707a5db53e71f9ab3331907ae8207c0\redhat.java\jdt_ws --pipe=\\.\pipe\lsp-8df9eb0ec27152b055f8474d5c6944e4-sock
java_class_path (initial): c:\Users\PC\.vscode\extensions\redhat.java-1.42.0-win32-x64\server\plugins\org.eclipse.equinox.launcher_1.7.0.v20250424-1814.jar
Launcher Type: SUN_STANDARD

[Global flags]
    uintx AdaptiveSizePolicyWeight                 = 90                                        {product} {command line}
     intx CICompilerCount                          = 4                                         {product} {ergonomic}
    uintx GCTimeRatio                              = 4                                         {product} {command line}
     bool HeapDumpOnOutOfMemoryError               = true                                   {manageable} {command line}
    ccstr HeapDumpPath                             = c:\Users\PC\AppData\Roaming\Code\User\workspaceStorage\a707a5db53e71f9ab3331907ae8207c0\redhat.java         {manageable} {command line}
   size_t InitialHeapSize                          = 104857600                                 {product} {command line}
   size_t MaxHeapSize                              = 1073741824                                {product} {command line}
   size_t MaxNewSize                               = 357564416                                 {product} {ergonomic}
   size_t MinHeapDeltaBytes                        = 524288                                    {product} {ergonomic}
   size_t MinHeapSize                              = 104857600                                 {product} {command line}
   size_t NewSize                                  = 34603008                                  {product} {ergonomic}
    uintx NonNMethodCodeHeapSize                   = 5839372                                {pd product} {ergonomic}
    uintx NonProfiledCodeHeapSize                  = 122909434                              {pd product} {ergonomic}
   size_t OldSize                                  = 70254592                                  {product} {ergonomic}
    uintx ProfiledCodeHeapSize                     = 122909434                              {pd product} {ergonomic}
    uintx ReservedCodeCacheSize                    = 251658240                              {pd product} {ergonomic}
     bool SegmentedCodeCache                       = true                                      {product} {ergonomic}
   size_t SoftMaxHeapSize                          = 1073741824                             {manageable} {ergonomic}
     bool UseCompressedOops                        = true                           {product lp64_product} {ergonomic}
     bool UseLargePagesIndividualAllocation        = false                                  {pd product} {ergonomic}
     bool UseParallelGC                            = true                                      {product} {command line}

Logging:
Log output configuration:
 #0: stdout all=off uptime,level,tags foldmultilines=false
 #1: stderr all=off uptime,level,tags foldmultilines=false

Environment Variables:
PATH=C:\Program Files\Java\jdk-24\bin;C:\Program Files (x86)\Common Files\Oracle\Java\javapath;C:\WINDOWS\system32;C:\WINDOWS;C:\WINDOWS\System32\Wbem;C:\WINDOWS\System32\WindowsPowerShell\v1.0\;C:\WINDOWS\System32\OpenSSH\;C:\Program Files\dotnet\;C:\Program Files\Microsoft SQL Server\130\Tools\Binn\;C:\Program Files (x86)\dotnet\;C:\Program Files\HP\HP One Agent;C:\Program Files (x86)\Dev-Cpp\MinGW64\bin;C:\Program Files\Calibre2\;C:\Program Files\Git\cmd;C:\Users\PC\AppData\Local\Microsoft\WindowsApps;C:\Users\PC\AppData\Local\GitHubDesktop\bin;
USERNAME=PC
OS=Windows_NT
PROCESSOR_IDENTIFIER=Intel64 Family 6 Model 140 Stepping 1, GenuineIntel
TMP=C:\Users\PC\AppData\Local\Temp
TEMP=C:\Users\PC\AppData\Local\Temp




Periodic native trim disabled

---------------  S Y S T E M  ---------------

OS:
 Windows 11 , 64 bit Build 22621 (10.0.22621.5262)
OS uptime: 0 days 23:20 hours

CPU: total 8 (initial active 8) (4 cores per cpu, 2 threads per core) family 6 model 140 stepping 1 microcode 0xa4, cx8, cmov, fxsr, ht, mmx, 3dnowpref, sse, sse2, sse3, ssse3, sse4.1, sse4.2, popcnt, lzcnt, tsc, tscinvbit, avx, avx2, aes, erms, clmul, bmi1, bmi2, adx, avx512f, avx512dq, avx512cd, avx512bw, avx512vl, sha, fma, vzeroupper, avx512_vpopcntdq, avx512_vpclmulqdq, avx512_vaes, avx512_vnni, clflush, clflushopt, clwb, avx512_vbmi2, avx512_vbmi, rdtscp, rdpid, fsrm, gfni, avx512_bitalg, f16c, pku, cet_ibt, cet_ss, avx512_ifma
Processor Information for the first 8 processors :
  Max Mhz: 2419, Current Mhz: 2419, Mhz Limit: 2419

Memory: 4k page, system-wide physical 7859M (284M free)
TotalPageFile size 17859M (AvailPageFile size 51M)
current process WorkingSet (physical memory assigned to process): 636M, peak: 679M
current process commit charge ("private bytes"): 705M, peak: 948M

vm_info: OpenJDK 64-Bit Server VM (21.0.7+6-LTS) for windows-amd64 JRE (21.0.7+6-LTS), built on 2025-04-15T00:00:00Z by "admin" with MS VC++ 17.7 (VS2022)

END.
